TN:
SF:src/App.tsx
FN:7,(anonymous_0)
FN:8,(anonymous_1)
FN:9,(anonymous_2)
FN:10,(anonymous_3)
FN:11,(anonymous_4)
FN:12,(anonymous_5)
FN:13,(anonymous_6)
FN:14,(anonymous_7)
FN:15,(anonymous_8)
FN:16,(anonymous_9)
FN:17,(anonymous_10)
FN:18,(anonymous_11)
FN:19,(anonymous_12)
FN:20,(anonymous_13)
FN:21,(anonymous_14)
FN:22,(anonymous_15)
FN:23,(anonymous_16)
FN:25,(anonymous_17)
FN:27,(anonymous_18)
FN:28,(anonymous_19)
FN:29,(anonymous_20)
FN:30,(anonymous_21)
FN:32,(anonymous_22)
FN:34,(anonymous_23)
FN:35,(anonymous_24)
FN:36,(anonymous_25)
FN:41,(anonymous_26)
FN:54,App
FNF:28
FNH:1
FNDA:0,(anonymous_0)
FNDA:0,(anonymous_1)
FNDA:0,(anonymous_2)
FNDA:0,(anonymous_3)
FNDA:0,(anonymous_4)
FNDA:0,(anonymous_5)
FNDA:0,(anonymous_6)
FNDA:0,(anonymous_7)
FNDA:0,(anonymous_8)
FNDA:0,(anonymous_9)
FNDA:0,(anonymous_10)
FNDA:0,(anonymous_11)
FNDA:0,(anonymous_12)
FNDA:0,(anonymous_13)
FNDA:0,(anonymous_14)
FNDA:0,(anonymous_15)
FNDA:0,(anonymous_16)
FNDA:0,(anonymous_17)
FNDA:0,(anonymous_18)
FNDA:0,(anonymous_19)
FNDA:0,(anonymous_20)
FNDA:0,(anonymous_21)
FNDA:0,(anonymous_22)
FNDA:0,(anonymous_23)
FNDA:0,(anonymous_24)
FNDA:0,(anonymous_25)
FNDA:0,(anonymous_26)
FNDA:2,App
DA:7,1
DA:8,1
DA:9,1
DA:10,1
DA:11,1
DA:12,1
DA:13,1
DA:14,1
DA:15,1
DA:16,1
DA:17,1
DA:18,1
DA:19,1
DA:20,1
DA:21,1
DA:22,1
DA:23,1
DA:24,1
DA:25,0
DA:27,1
DA:28,1
DA:29,1
DA:30,1
DA:31,1
DA:32,0
DA:34,1
DA:35,1
DA:36,1
DA:38,1
DA:43,0
DA:44,0
DA:45,0
DA:47,0
DA:55,2
LF:34
LH:28
BRDA:43,0,0,0
BRDA:43,0,1,0
BRDA:43,1,0,0
BRDA:43,1,1,0
BRDA:45,2,0,0
BRDA:45,2,1,0
BRDA:45,3,0,0
BRDA:45,3,1,0
BRF:8
BRH:0
end_of_record
TN:
SF:src/components/Layout.tsx
FN:242,Sidebar
FN:257,(anonymous_1)
FN:381,OrgSwitcher
FN:389,(anonymous_3)
FN:392,(anonymous_4)
FN:407,(anonymous_5)
FN:447,(anonymous_6)
FN:451,(anonymous_7)
FN:467,(anonymous_8)
FN:493,Header
FN:540,(anonymous_10)
FN:559,(anonymous_11)
FN:572,LoadingScreen
FN:584,Layout
FN:592,(anonymous_14)
FNF:15
FNH:8
FNDA:20,Sidebar
FNDA:220,(anonymous_1)
FNDA:20,OrgSwitcher
FNDA:19,(anonymous_3)
FNDA:0,(anonymous_4)
FNDA:0,(anonymous_5)
FNDA:0,(anonymous_6)
FNDA:0,(anonymous_7)
FNDA:0,(anonymous_8)
FNDA:20,Header
FNDA:0,(anonymous_10)
FNDA:0,(anonymous_11)
FNDA:3,LoadingScreen
FNDA:23,Layout
FNDA:23,(anonymous_14)
DA:19,1
DA:243,20
DA:244,20
DA:245,20
DA:247,20
DA:249,20
DA:259,220
DA:261,220
DA:382,20
DA:383,20
DA:384,20
DA:385,20
DA:386,20
DA:388,20
DA:389,19
DA:392,20
DA:393,0
DA:394,0
DA:396,0
DA:399,20
DA:400,1
DA:403,19
DA:407,0
DA:448,0
DA:451,0
DA:467,0
DA:494,20
DA:495,20
DA:496,20
DA:497,20
DA:498,20
DA:501,20
DA:505,20
DA:540,0
DA:559,0
DA:573,3
DA:574,3
DA:585,23
DA:586,23
DA:587,23
DA:588,23
DA:592,23
DA:593,23
DA:598,1
DA:608,23
DA:609,2
DA:614,21
DA:615,1
DA:618,20
LF:49
LH:40
BRDA:247,0,0,20
BRDA:247,0,1,19
BRDA:259,1,0,220
BRDA:259,1,1,201
BRDA:259,1,2,199
BRDA:266,2,0,19
BRDA:266,2,1,201
BRDA:278,3,0,20
BRDA:278,3,1,18
BRDA:288,4,0,0
BRDA:288,4,1,18
BRDA:314,5,0,0
BRDA:314,5,1,18
BRDA:346,6,0,0
BRDA:346,6,1,18
BRDA:393,7,0,0
BRDA:393,7,1,0
BRDA:399,8,0,1
BRDA:399,8,1,19
BRDA:399,9,0,20
BRDA:399,9,1,20
BRDA:425,10,0,19
BRDA:425,10,1,0
BRDA:442,11,0,20
BRDA:442,11,1,0
BRDA:453,12,0,0
BRDA:453,12,1,0
BRDA:501,13,0,20
BRDA:501,13,1,1
BRDA:501,13,2,0
BRDA:531,14,0,20
BRDA:531,14,1,20
BRDA:531,14,2,2
BRDA:533,15,0,1
BRDA:533,15,1,1
BRDA:547,16,0,20
BRDA:547,16,1,0
BRDA:549,17,0,0
BRDA:549,17,1,0
BRDA:593,18,0,1
BRDA:593,18,1,22
BRDA:594,19,0,23
BRDA:594,19,1,22
BRDA:594,19,2,2
BRDA:608,20,0,2
BRDA:608,20,1,21
BRDA:608,21,0,23
BRDA:608,21,1,22
BRDA:614,22,0,1
BRDA:614,22,1,20
BRF:50
BRH:37
end_of_record
TN:
SF:src/components/features/AgentDownloads.tsx
FN:10,PlatformIcon
FN:50,CopyButton
FN:53,(anonymous_2)
FN:56,(anonymous_3)
FN:101,AgentDownloads
FN:112,(anonymous_5)
FN:115,(anonymous_6)
FN:135,(anonymous_7)
FN:139,(anonymous_8)
FN:184,(anonymous_9)
FNF:10
FNH:7
FNDA:25,PlatformIcon
FNDA:5,CopyButton
FNDA:0,(anonymous_2)
FNDA:0,(anonymous_3)
FNDA:5,AgentDownloads
FNDA:10,(anonymous_5)
FNDA:25,(anonymous_6)
FNDA:15,(anonymous_7)
FNDA:0,(anonymous_8)
FNDA:10,(anonymous_9)
DA:11,25
DA:13,15
DA:24,5
DA:35,5
DA:46,0
DA:51,5
DA:53,5
DA:54,0
DA:55,0
DA:56,0
DA:59,5
DA:104,5
DA:106,5
DA:112,5
DA:113,10
DA:115,5
DA:116,25
DA:117,0
DA:118,0
DA:119,0
DA:122,5
DA:136,15
DA:139,0
DA:185,10
LF:24
LH:16
BRDA:11,0,0,15
BRDA:11,0,1,5
BRDA:11,0,2,5
BRDA:11,0,3,0
BRDA:64,1,0,0
BRDA:64,1,1,5
BRDA:66,2,0,0
BRDA:66,2,1,5
BRDA:102,3,0,5
BRDA:116,4,0,25
BRDA:116,4,1,0
BRDA:117,5,0,0
BRDA:117,5,1,0
BRDA:118,6,0,0
BRDA:118,6,1,0
BRDA:141,7,0,5
BRDA:141,7,1,10
BRDA:154,8,0,5
BRDA:154,8,1,5
BRDA:169,9,0,0
BRDA:169,9,1,5
BRDA:171,10,0,5
BRDA:171,10,1,0
BRF:23
BRH:13
end_of_record
TN:
SF:src/components/features/BackupScriptsEditor.tsx
FN:50,ScriptForm
FN:69,(anonymous_1)
FN:103,(anonymous_2)
FN:122,(anonymous_3)
FN:145,(anonymous_4)
FN:159,(anonymous_5)
FN:173,(anonymous_6)
FN:212,ScriptCard
FN:214,(anonymous_8)
FN:216,(anonymous_9)
FN:243,(anonymous_10)
FN:272,BackupScriptsEditor
FN:282,(anonymous_12)
FN:284,(anonymous_13)
FN:352,(anonymous_14)
FN:356,(anonymous_15)
FN:370,(anonymous_16)
FN:387,(anonymous_17)
FN:391,(anonymous_18)
FNF:19
FNH:16
FNDA:28,ScriptForm
FNDA:1,(anonymous_1)
FNDA:29,(anonymous_2)
FNDA:22,(anonymous_3)
FNDA:0,(anonymous_4)
FNDA:0,(anonymous_5)
FNDA:0,(anonymous_6)
FNDA:6,ScriptCard
FNDA:7,(anonymous_8)
FNDA:1,(anonymous_9)
FNDA:1,(anonymous_10)
FNDA:22,BackupScriptsEditor
FNDA:7,(anonymous_12)
FNDA:88,(anonymous_13)
FNDA:1,(anonymous_14)
FNDA:1,(anonymous_15)
FNDA:6,(anonymous_16)
FNDA:50,(anonymous_17)
FNDA:5,(anonymous_18)
DA:19,1
DA:57,28
DA:58,28
DA:61,28
DA:64,28
DA:66,28
DA:67,28
DA:69,28
DA:70,1
DA:72,1
DA:73,1
DA:74,0
DA:85,1
DA:96,1
DA:102,28
DA:103,29
DA:105,28
DA:122,22
DA:146,0
DA:159,0
DA:173,0
DA:213,6
DA:214,7
DA:216,6
DA:217,1
DA:218,1
DA:222,6
DA:243,1
DA:276,22
DA:277,22
DA:278,22
DA:282,22
DA:283,22
DA:284,88
DA:287,22
DA:288,1
DA:300,21
DA:301,1
DA:317,20
DA:353,1
DA:354,1
DA:357,1
DA:358,1
DA:371,6
DA:388,50
DA:391,5
LF:46
LH:42
BRDA:57,0,0,28
BRDA:57,0,1,27
BRDA:59,1,0,28
BRDA:59,1,1,27
BRDA:62,2,0,28
BRDA:62,2,1,27
BRDA:64,3,0,28
BRDA:64,3,1,27
BRDA:73,4,0,0
BRDA:73,4,1,1
BRDA:102,5,0,28
BRDA:102,5,1,28
BRDA:146,6,0,0
BRDA:146,6,1,0
BRDA:167,7,0,28
BRDA:167,7,1,27
BRDA:196,8,0,28
BRDA:196,8,1,28
BRDA:199,9,0,0
BRDA:199,9,1,28
BRDA:199,10,0,1
BRDA:199,10,1,27
BRDA:217,11,0,1
BRDA:217,11,1,0
BRDA:224,12,0,5
BRDA:224,12,1,1
BRDA:232,13,0,6
BRDA:232,13,1,1
BRDA:260,14,0,6
BRDA:260,14,1,1
BRDA:264,15,0,6
BRDA:264,15,1,5
BRDA:264,15,2,1
BRDA:282,16,0,22
BRDA:282,16,1,2
BRDA:287,17,0,1
BRDA:287,17,1,21
BRDA:300,18,0,1
BRDA:300,18,1,20
BRDA:347,19,0,6
BRDA:347,19,1,14
BRDA:347,20,0,20
BRDA:347,20,1,19
BRDA:349,21,0,6
BRDA:349,21,1,5
BRDA:350,22,0,6
BRDA:350,22,1,5
BRDA:350,22,2,0
BRDA:368,23,0,14
BRDA:368,23,1,14
BRDA:368,23,2,5
BRDA:381,24,0,14
BRDA:381,24,1,14
BRDA:406,25,0,14
BRDA:406,25,1,9
BRDA:406,25,2,0
BRF:56
BRH:49
end_of_record
TN:
SF:src/components/features/LanguageSelector.tsx
FN:11,LanguageSelector
FN:15,(anonymous_1)
FN:24,(anonymous_2)
FN:49,(anonymous_3)
FN:50,(anonymous_4)
FN:56,(anonymous_5)
FN:60,(anonymous_6)
FNF:7
FNH:5
FNDA:15,LanguageSelector
FNDA:2,(anonymous_1)
FNDA:6,(anonymous_2)
FNDA:0,(anonymous_3)
FNDA:0,(anonymous_4)
FNDA:15,(anonymous_5)
FNDA:2,(anonymous_6)
DA:5,1
DA:12,15
DA:13,15
DA:15,15
DA:16,2
DA:17,2
DA:20,15
DA:24,6
DA:49,0
DA:50,0
DA:57,15
DA:60,2
LF:12
LH:10
BRDA:45,0,0,15
BRDA:45,0,1,5
BRDA:50,1,0,0
BRDA:50,1,1,0
BRDA:62,2,0,5
BRDA:62,2,1,10
BRDA:69,3,0,15
BRDA:69,3,1,5
BRF:8
BRH:6
end_of_record
TN:
SF:src/components/features/MaintenanceBanner.tsx
FN:4,formatTimeLeft
FN:25,MaintenanceBanner
FN:29,(anonymous_2)
FN:35,(anonymous_3)
FN:45,(anonymous_4)
FNF:5
FNH:5
FNDA:7,formatTimeLeft
FNDA:16,MaintenanceBanner
FNDA:9,(anonymous_2)
FNDA:7,(anonymous_3)
FNDA:7,(anonymous_4)
DA:5,7
DA:6,7
DA:8,7
DA:9,0
DA:12,7
DA:13,7
DA:14,7
DA:16,7
DA:17,4
DA:19,3
DA:20,2
DA:22,1
DA:26,16
DA:27,16
DA:29,16
DA:30,9
DA:31,2
DA:32,2
DA:35,7
DA:36,7
DA:37,6
DA:38,1
DA:39,1
DA:43,7
DA:44,7
DA:45,7
DA:48,16
DA:49,2
DA:52,14
DA:53,14
DA:54,16
DA:56,14
LF:32
LH:31
BRDA:8,0,0,0
BRDA:8,0,1,7
BRDA:16,1,0,4
BRDA:16,1,1,3
BRDA:19,2,0,2
BRDA:19,2,1,1
BRDA:30,3,0,2
BRDA:30,3,1,7
BRDA:30,4,0,9
BRDA:30,4,1,3
BRDA:36,5,0,6
BRDA:36,5,1,1
BRDA:38,6,0,1
BRDA:38,6,1,0
BRDA:48,7,0,2
BRDA:48,7,1,14
BRDA:48,8,0,16
BRDA:48,8,1,4
BRDA:53,9,0,14
BRDA:53,9,1,2
BRDA:54,10,0,0
BRDA:54,10,1,16
BRDA:58,11,0,12
BRDA:58,11,1,2
BRDA:82,12,0,12
BRDA:82,12,1,2
BRDA:85,13,0,16
BRDA:85,13,1,2
BRDA:89,14,0,12
BRDA:89,14,1,2
BRF:30
BRH:27
end_of_record
TN:
SF:src/components/features/MultiRepoSelector.tsx
FN:10,MultiRepoSelector
FN:17,(anonymous_1)
FN:21,(anonymous_2)
FN:36,(anonymous_3)
FN:38,(anonymous_4)
FN:39,(anonymous_5)
FN:43,(anonymous_6)
FN:48,(anonymous_7)
FN:51,(anonymous_8)
FN:56,(anonymous_9)
FN:59,(anonymous_10)
FN:60,(anonymous_11)
FN:66,(anonymous_12)
FN:67,(anonymous_13)
FN:72,(anonymous_14)
FN:72,(anonymous_15)
FN:84,(anonymous_16)
FN:110,(anonymous_17)
FN:153,(anonymous_18)
FN:176,(anonymous_19)
FN:199,(anonymous_20)
FN:234,(anonymous_21)
FN:238,(anonymous_22)
FNF:23
FNH:19
FNDA:11,MultiRepoSelector
FNDA:1,(anonymous_1)
FNDA:0,(anonymous_2)
FNDA:1,(anonymous_3)
FNDA:2,(anonymous_4)
FNDA:1,(anonymous_5)
FNDA:1,(anonymous_6)
FNDA:2,(anonymous_7)
FNDA:0,(anonymous_8)
FNDA:0,(anonymous_9)
FNDA:1,(anonymous_10)
FNDA:1,(anonymous_11)
FNDA:7,(anonymous_12)
FNDA:9,(anonymous_13)
FNDA:33,(anonymous_14)
FNDA:19,(anonymous_15)
FNDA:7,(anonymous_16)
FNDA:1,(anonymous_17)
FNDA:1,(anonymous_18)
FNDA:0,(anonymous_19)
FNDA:1,(anonymous_20)
FNDA:1,(anonymous_21)
FNDA:26,(anonymous_22)
DA:15,11
DA:17,11
DA:18,1
DA:21,1
DA:22,0
DA:23,0
DA:26,1
DA:32,1
DA:33,1
DA:36,11
DA:37,1
DA:38,2
DA:39,1
DA:40,1
DA:43,11
DA:44,1
DA:45,1
DA:46,1
DA:48,2
DA:51,11
DA:52,0
DA:53,0
DA:54,0
DA:56,0
DA:59,11
DA:60,1
DA:61,1
DA:63,1
DA:66,11
DA:67,9
DA:68,7
DA:71,11
DA:72,33
DA:75,11
DA:85,7
DA:110,1
DA:153,1
DA:176,0
DA:199,1
DA:234,1
DA:239,26
LF:41
LH:34
BRDA:18,0,0,0
BRDA:18,0,1,1
BRDA:21,1,0,0
BRDA:21,1,1,1
BRDA:44,2,0,0
BRDA:44,2,1,1
BRDA:52,3,0,0
BRDA:52,3,1,0
BRDA:61,4,0,1
BRDA:61,4,1,0
BRDA:68,5,0,7
BRDA:68,5,1,0
BRDA:82,6,0,11
BRDA:82,6,1,5
BRDA:91,7,0,5
BRDA:91,7,1,2
BRDA:96,8,0,5
BRDA:96,8,1,2
BRDA:101,9,0,7
BRDA:101,9,1,0
BRDA:112,10,0,7
BRDA:112,10,1,0
BRDA:116,11,0,7
BRDA:116,11,1,0
BRDA:118,12,0,7
BRDA:118,12,1,0
BRDA:230,13,0,11
BRDA:230,13,1,11
BRDA:255,14,0,11
BRDA:255,14,1,6
BRF:30
BRH:19
end_of_record
TN:
SF:src/components/features/NetworkMountSelector.tsx
FN:9,NetworkMountSelector
FN:14,(anonymous_1)
FN:15,(anonymous_2)
FN:17,(anonymous_3)
FN:19,(anonymous_4)
FN:33,(anonymous_5)
FN:41,(anonymous_6)
FN:60,(anonymous_7)
FNF:8
FNH:8
FNDA:6,NetworkMountSelector
FNDA:15,(anonymous_1)
FNDA:15,(anonymous_2)
FNDA:2,(anonymous_3)
FNDA:1,(anonymous_4)
FNDA:10,(anonymous_5)
FNDA:2,(anonymous_6)
FNDA:5,(anonymous_7)
DA:14,15
DA:15,15
DA:17,6
DA:18,2
DA:19,1
DA:21,1
DA:25,6
DA:34,10
DA:41,2
DA:61,5
LF:10
LH:10
BRDA:18,0,0,1
BRDA:18,0,1,1
BRDA:31,1,0,6
BRDA:31,1,1,5
BRDA:57,2,0,6
BRDA:57,2,1,5
BRDA:77,3,0,6
BRDA:77,3,1,1
BRF:8
BRH:8
end_of_record
TN:
SF:src/components/features/NetworkMountStatus.tsx
FN:8,getMountStatusColor
FN:37,NetworkMountStatus
FN:45,(anonymous_2)
FN:88,(anonymous_3)
FNF:4
FNH:4
FNDA:6,getMountStatusColor
FNDA:7,NetworkMountStatus
FNDA:10,(anonymous_2)
FNDA:6,(anonymous_3)
DA:9,6
DA:11,3
DA:17,1
DA:23,2
DA:29,0
DA:41,7
DA:42,2
DA:45,10
DA:46,5
DA:48,5
DA:49,2
DA:84,3
DA:89,6
DA:90,6
LF:14
LH:13
BRDA:9,0,0,3
BRDA:9,0,1,1
BRDA:9,0,2,2
BRDA:9,0,3,0
BRDA:39,1,0,7
BRDA:41,2,0,2
BRDA:41,2,1,5
BRDA:41,3,0,7
BRDA:41,3,1,6
BRDA:48,4,0,2
BRDA:48,4,1,3
BRDA:66,5,0,1
BRDA:66,5,1,1
BRDA:68,6,0,2
BRDA:68,6,1,2
BRDA:74,7,0,2
BRDA:74,7,1,1
BRF:17
BRH:16
end_of_record
TN:
SF:src/components/features/PatternLibraryModal.tsx
FN:183,PatternLibraryModal
FN:207,(anonymous_1)
FN:218,(anonymous_2)
FN:222,(anonymous_3)
FN:232,(anonymous_4)
FN:247,(anonymous_5)
FN:256,(anonymous_6)
FN:258,(anonymous_7)
FN:265,(anonymous_8)
FN:268,(anonymous_9)
FN:269,(anonymous_10)
FN:337,(anonymous_11)
FN:347,(anonymous_12)
FN:351,(anonymous_13)
FN:368,(anonymous_14)
FN:400,(anonymous_15)
FN:417,(anonymous_16)
FN:433,(anonymous_17)
FN:448,(anonymous_18)
FN:455,(anonymous_19)
FN:472,(anonymous_20)
FN:497,(anonymous_21)
FN:499,(anonymous_22)
FN:504,(anonymous_23)
FN:542,(anonymous_24)
FN:567,(anonymous_25)
FN:592,(anonymous_26)
FNF:27
FNH:25
FNDA:74,PatternLibraryModal
FNDA:19,(anonymous_1)
FNDA:72,(anonymous_2)
FNDA:3,(anonymous_3)
FNDA:8,(anonymous_4)
FNDA:2,(anonymous_5)
FNDA:1,(anonymous_6)
FNDA:3,(anonymous_7)
FNDA:1,(anonymous_8)
FNDA:2,(anonymous_9)
FNDA:2,(anonymous_10)
FNDA:0,(anonymous_11)
FNDA:292,(anonymous_12)
FNDA:1,(anonymous_13)
FNDA:4,(anonymous_14)
FNDA:1,(anonymous_15)
FNDA:11,(anonymous_16)
FNDA:20,(anonymous_17)
FNDA:0,(anonymous_18)
FNDA:188,(anonymous_19)
FNDA:12,(anonymous_20)
FNDA:97,(anonymous_21)
FNDA:103,(anonymous_22)
FNDA:232,(anonymous_23)
FNDA:243,(anonymous_24)
FNDA:3,(anonymous_25)
FNDA:1,(anonymous_26)
DA:20,1
DA:189,74
DA:191,74
DA:194,74
DA:195,74
DA:196,74
DA:197,74
DA:198,74
DA:201,74
DA:203,74
DA:204,74
DA:207,74
DA:208,19
DA:209,19
DA:210,19
DA:211,76
DA:212,76
DA:214,19
DA:217,74
DA:218,72
DA:222,74
DA:223,3
DA:224,3
DA:225,0
DA:227,3
DA:229,3
DA:232,74
DA:233,8
DA:234,8
DA:235,8
DA:236,32
DA:237,11
DA:238,30
DA:239,27
DA:244,8
DA:247,74
DA:248,2
DA:249,2
DA:250,2
DA:252,2
DA:253,2
DA:256,74
DA:257,1
DA:258,3
DA:260,1
DA:261,1
DA:265,74
DA:266,1
DA:268,2
DA:269,2
DA:271,1
DA:272,1
DA:273,1
DA:279,1
DA:280,1
DA:281,1
DA:282,1
DA:283,1
DA:284,1
DA:285,1
DA:292,74
DA:294,73
DA:298,74
DA:337,0
DA:348,292
DA:351,1
DA:368,4
DA:400,1
DA:417,11
DA:433,20
DA:449,0
DA:456,188
DA:472,12
DA:498,97
DA:499,97
DA:500,103
DA:503,97
DA:505,232
DA:508,97
DA:543,243
DA:567,3
DA:592,1
LF:82
LH:79
BRDA:187,0,0,74
BRDA:208,1,0,0
BRDA:208,1,1,19
BRDA:211,2,0,76
BRDA:211,2,1,76
BRDA:224,3,0,0
BRDA:224,3,1,3
BRDA:233,4,0,0
BRDA:233,4,1,8
BRDA:236,5,0,11
BRDA:236,5,1,21
BRDA:238,6,0,27
BRDA:238,6,1,3
BRDA:238,7,0,30
BRDA:238,7,1,27
BRDA:249,8,0,2
BRDA:249,8,1,0
BRDA:260,9,0,1
BRDA:260,9,1,0
BRDA:271,10,0,1
BRDA:271,10,1,0
BRDA:271,11,0,1
BRDA:271,11,1,1
BRDA:292,12,0,1
BRDA:292,12,1,73
BRDA:294,13,0,1
BRDA:294,13,1,72
BRDA:295,14,0,1
BRDA:295,14,1,0
BRDA:296,15,0,72
BRDA:296,15,1,0
BRDA:339,16,0,72
BRDA:339,16,1,1
BRDA:353,17,0,1
BRDA:353,17,1,291
BRDA:358,18,0,292
BRDA:358,18,1,0
BRDA:392,19,0,47
BRDA:392,19,1,26
BRDA:482,20,0,47
BRDA:482,20,1,43
BRDA:482,20,2,12
BRDA:488,21,0,0
BRDA:488,21,1,47
BRDA:491,22,0,1
BRDA:491,22,1,25
BRDA:503,23,0,97
BRDA:503,23,1,96
BRDA:512,24,0,4
BRDA:512,24,1,93
BRDA:514,25,0,1
BRDA:514,25,1,92
BRDA:525,26,0,97
BRDA:525,26,1,1
BRDA:530,27,0,97
BRDA:530,27,1,4
BRDA:547,28,0,7
BRDA:547,28,1,236
BRDA:555,29,0,97
BRDA:555,29,1,0
BRDA:563,30,0,97
BRDA:563,30,1,96
BRDA:569,31,0,4
BRDA:569,31,1,92
BRDA:573,32,0,4
BRDA:573,32,1,92
BRDA:577,33,0,4
BRDA:577,33,1,92
BRDA:612,34,0,74
BRDA:612,34,1,3
BRDA:615,35,0,1
BRDA:615,35,1,2
BRDA:617,36,0,3
BRDA:617,36,1,0
BRDA:629,37,0,74
BRDA:629,37,1,3
BRF:76
BRH:64
end_of_record
TN:
SF:src/components/features/ReplicationStatusCard.tsx
FN:12,StatusBadge
FN:50,formatRelativeTime
FN:68,ReplicationStatusCard
FN:72,(anonymous_3)
FN:73,(anonymous_4)
FN:97,(anonymous_5)
FNF:6
FNH:6
FNDA:5,StatusBadge
FNDA:5,formatRelativeTime
FNDA:6,ReplicationStatusCard
FNDA:10,(anonymous_3)
FNDA:16,(anonymous_4)
FNDA:5,(anonymous_5)
DA:13,5
DA:40,5
DA:51,5
DA:53,5
DA:54,5
DA:55,5
DA:56,5
DA:57,5
DA:58,5
DA:60,5
DA:61,5
DA:62,5
DA:63,5
DA:65,5
DA:72,6
DA:73,16
DA:74,10
DA:77,6
DA:78,1
DA:91,5
DA:98,5
LF:21
LH:21
BRDA:51,0,0,0
BRDA:51,0,1,5
BRDA:60,1,0,0
BRDA:60,1,1,5
BRDA:61,2,0,0
BRDA:61,2,1,5
BRDA:62,3,0,0
BRDA:62,3,1,5
BRDA:63,4,0,0
BRDA:63,4,1,5
BRDA:74,5,0,10
BRDA:74,5,1,2
BRDA:77,6,0,1
BRDA:77,6,1,5
BRDA:130,7,0,5
BRDA:130,7,1,5
BRDA:136,8,0,5
BRDA:136,8,1,1
BRF:18
BRH:13
end_of_record
TN:
SF:src/components/features/SnapshotComments.tsx
FN:15,CommentItem
FN:51,(anonymous_1)
FN:68,SnapshotComments
FN:79,(anonymous_3)
FN:86,(anonymous_4)
FN:93,(anonymous_5)
FN:137,(anonymous_6)
FN:156,(anonymous_7)
FNF:8
FNH:7
FNDA:10,CommentItem
FNDA:2,(anonymous_1)
FNDA:30,SnapshotComments
FNDA:1,(anonymous_3)
FNDA:0,(anonymous_4)
FNDA:2,(anonymous_5)
FNDA:10,(anonymous_6)
FNDA:14,(anonymous_7)
DA:26,10
DA:28,10
DA:51,2
DA:69,30
DA:70,30
DA:75,30
DA:76,30
DA:77,30
DA:79,30
DA:80,1
DA:81,1
DA:83,1
DA:87,0
DA:93,30
DA:94,2
DA:95,1
DA:99,30
DA:138,10
DA:156,14
LF:19
LH:18
BRDA:34,0,0,10
BRDA:34,0,1,1
BRDA:34,0,2,0
BRDA:41,1,0,10
BRDA:41,1,1,1
BRDA:41,1,2,0
BRDA:48,2,0,10
BRDA:48,2,1,7
BRDA:81,3,0,0
BRDA:81,3,1,1
BRDA:94,4,0,1
BRDA:94,4,1,1
BRDA:117,5,0,30
BRDA:117,5,1,28
BRDA:117,5,2,7
BRDA:124,6,0,30
BRDA:124,6,1,1
BRDA:128,7,0,1
BRDA:128,7,1,29
BRDA:135,8,0,7
BRDA:135,8,1,22
BRDA:135,9,0,29
BRDA:135,9,1,28
BRDA:164,10,0,29
BRDA:164,10,1,11
BRDA:167,11,0,1
BRDA:167,11,1,28
BRF:27
BRH:24
end_of_record
TN:
SF:src/components/ui/LoadingSpinner.tsx
FN:1,LoadingSpinner
FNF:1
FNH:1
FNDA:3,LoadingSpinner
DA:2,3
LF:1
LH:1
BRF:0
BRH:0
end_of_record
TN:
SF:src/components/ui/Stepper.tsx
FN:14,Stepper
FN:20,(anonymous_1)
FN:25,(anonymous_2)
FN:36,(anonymous_3)
FN:102,VerticalStepper
FN:111,(anonymous_5)
FN:131,(anonymous_6)
FNF:7
FNH:7
FNDA:9,Stepper
FNDA:14,(anonymous_1)
FNDA:27,(anonymous_2)
FNDA:2,(anonymous_3)
FNDA:7,VerticalStepper
FNDA:21,(anonymous_5)
FNDA:1,(anonymous_6)
DA:20,14
DA:22,9
DA:26,27
DA:27,27
DA:28,27
DA:29,27
DA:31,27
DA:36,2
DA:108,7
DA:112,21
DA:113,21
DA:114,21
DA:115,21
DA:117,21
DA:131,1
LF:15
LH:15
BRDA:28,0,0,27
BRDA:28,0,1,9
BRDA:28,0,2,7
BRDA:32,1,0,9
BRDA:32,1,1,18
BRDA:36,2,0,2
BRDA:36,2,1,2
BRDA:39,3,0,5
BRDA:39,3,1,22
BRDA:41,4,0,9
BRDA:41,4,1,13
BRDA:44,5,0,5
BRDA:44,5,1,22
BRDA:47,6,0,5
BRDA:47,6,1,22
BRDA:64,7,0,27
BRDA:64,7,1,18
BRDA:67,8,0,5
BRDA:67,8,1,13
BRDA:67,9,0,18
BRDA:67,9,1,13
BRDA:77,10,0,9
BRDA:77,10,1,18
BRDA:79,11,0,5
BRDA:79,11,1,13
BRDA:114,12,0,21
BRDA:114,12,1,3
BRDA:114,12,2,2
BRDA:121,13,0,21
BRDA:121,13,1,14
BRDA:124,14,0,3
BRDA:124,14,1,11
BRDA:131,15,0,1
BRDA:131,15,1,1
BRDA:134,16,0,3
BRDA:134,16,1,18
BRDA:136,17,0,7
BRDA:136,17,1,11
BRDA:139,18,0,2
BRDA:139,18,1,19
BRDA:141,19,0,3
BRDA:141,19,1,18
BRDA:162,20,0,7
BRDA:162,20,1,14
BRDA:164,21,0,3
BRDA:164,21,1,11
BRDA:171,22,0,21
BRDA:171,22,1,21
BRF:48
BRH:48
end_of_record
TN:
SF:src/hooks/useAgentGroups.ts
FN:9,useAgentGroups
FN:17,useAgentGroup
FN:20,(anonymous_2)
FN:25,useCreateAgentGroup
FN:29,(anonymous_4)
FN:30,(anonymous_5)
FN:36,useUpdateAgentGroup
FN:40,(anonymous_7)
FN:47,(anonymous_8)
FN:53,useDeleteAgentGroup
FN:57,(anonymous_10)
FN:58,(anonymous_11)
FN:64,useAgentGroupMembers
FN:67,(anonymous_13)
FN:72,useAddAgentToGroup
FN:76,(anonymous_15)
FN:83,(anonymous_16)
FN:93,useRemoveAgentFromGroup
FN:97,(anonymous_18)
FN:99,(anonymous_19)
FN:109,useAgentsWithGroups
FNF:21
FNH:18
FNDA:2,useAgentGroups
FNDA:3,useAgentGroup
FNDA:1,(anonymous_2)
FNDA:2,useCreateAgentGroup
FNDA:1,(anonymous_4)
FNDA:1,(anonymous_5)
FNDA:0,useUpdateAgentGroup
FNDA:0,(anonymous_7)
FNDA:0,(anonymous_8)
FNDA:2,useDeleteAgentGroup
FNDA:1,(anonymous_10)
FNDA:1,(anonymous_11)
FNDA:3,useAgentGroupMembers
FNDA:1,(anonymous_13)
FNDA:2,useAddAgentToGroup
FNDA:1,(anonymous_15)
FNDA:1,(anonymous_16)
FNDA:2,useRemoveAgentFromGroup
FNDA:1,(anonymous_18)
FNDA:1,(anonymous_19)
FNDA:2,useAgentsWithGroups
DA:10,2
DA:18,3
DA:20,1
DA:26,2
DA:28,2
DA:29,1
DA:31,1
DA:37,0
DA:39,0
DA:46,0
DA:48,0
DA:54,2
DA:56,2
DA:57,1
DA:59,1
DA:65,3
DA:67,1
DA:73,2
DA:75,2
DA:82,1
DA:84,1
DA:85,1
DA:88,1
DA:94,2
DA:96,2
DA:98,1
DA:100,1
DA:101,1
DA:104,1
DA:110,2
LF:30
LH:26
BRF:0
BRH:0
end_of_record
TN:
SF:src/hooks/useAgents.ts
FN:5,useAgents
FN:13,useAgent
FN:16,(anonymous_2)
FN:21,useCreateAgent
FN:25,(anonymous_4)
FN:26,(anonymous_5)
FN:32,useDeleteAgent
FN:36,(anonymous_7)
FN:37,(anonymous_8)
FN:43,useRotateAgentApiKey
FN:47,(anonymous_10)
FN:48,(anonymous_11)
FN:54,useRevokeAgentApiKey
FN:58,(anonymous_13)
FN:59,(anonymous_14)
FN:65,useAgentStats
FN:68,(anonymous_16)
FN:74,useAgentBackups
FN:77,(anonymous_18)
FN:83,useAgentSchedules
FN:86,(anonymous_20)
FN:92,useRunSchedule
FN:96,(anonymous_22)
FN:97,(anonymous_23)
FN:104,useAgentHealthHistory
FN:107,(anonymous_25)
FN:113,useFleetHealth
FN:116,(anonymous_27)
FNF:28
FNH:25
FNDA:4,useAgents
FNDA:3,useAgent
FNDA:1,(anonymous_2)
FNDA:2,useCreateAgent
FNDA:1,(anonymous_4)
FNDA:1,(anonymous_5)
FNDA:2,useDeleteAgent
FNDA:1,(anonymous_7)
FNDA:1,(anonymous_8)
FNDA:2,useRotateAgentApiKey
FNDA:1,(anonymous_10)
FNDA:1,(anonymous_11)
FNDA:2,useRevokeAgentApiKey
FNDA:1,(anonymous_13)
FNDA:1,(anonymous_14)
FNDA:3,useAgentStats
FNDA:1,(anonymous_16)
FNDA:2,useAgentBackups
FNDA:1,(anonymous_18)
FNDA:2,useAgentSchedules
FNDA:1,(anonymous_20)
FNDA:0,useRunSchedule
FNDA:0,(anonymous_22)
FNDA:0,(anonymous_23)
FNDA:4,useAgentHealthHistory
FNDA:2,(anonymous_25)
FNDA:2,useFleetHealth
FNDA:1,(anonymous_27)
DA:6,4
DA:14,3
DA:16,1
DA:22,2
DA:24,2
DA:25,1
DA:27,1
DA:33,2
DA:35,2
DA:36,1
DA:38,1
DA:44,2
DA:46,2
DA:47,1
DA:49,1
DA:55,2
DA:57,2
DA:58,1
DA:60,1
DA:66,3
DA:68,1
DA:75,2
DA:77,1
DA:84,2
DA:86,1
DA:93,0
DA:95,0
DA:96,0
DA:98,0
DA:99,0
DA:105,4
DA:107,2
DA:114,2
DA:116,1
LF:34
LH:29
BRDA:104,0,0,4
BRF:1
BRH:1
end_of_record
TN:
SF:src/hooks/useAlerts.ts
FN:10,useAlerts
FN:18,useActiveAlerts
FN:26,useAlertCount
FN:35,useAlert
FN:38,(anonymous_4)
FN:43,useAcknowledgeAlert
FN:47,(anonymous_6)
FN:48,(anonymous_7)
FN:54,useResolveAlert
FN:58,(anonymous_9)
FN:59,(anonymous_10)
FN:67,useAlertRules
FN:75,useAlertRule
FN:78,(anonymous_13)
FN:83,useCreateAlertRule
FN:87,(anonymous_15)
FN:88,(anonymous_16)
FN:94,useUpdateAlertRule
FN:98,(anonymous_18)
FN:100,(anonymous_19)
FN:106,useDeleteAlertRule
FN:110,(anonymous_21)
FN:111,(anonymous_22)
FNF:23
FNH:18
FNDA:2,useAlerts
FNDA:2,useActiveAlerts
FNDA:2,useAlertCount
FNDA:3,useAlert
FNDA:1,(anonymous_4)
FNDA:2,useAcknowledgeAlert
FNDA:1,(anonymous_6)
FNDA:1,(anonymous_7)
FNDA:2,useResolveAlert
FNDA:1,(anonymous_9)
FNDA:1,(anonymous_10)
FNDA:2,useAlertRules
FNDA:0,useAlertRule
FNDA:0,(anonymous_13)
FNDA:2,useCreateAlertRule
FNDA:1,(anonymous_15)
FNDA:1,(anonymous_16)
FNDA:0,useUpdateAlertRule
FNDA:0,(anonymous_18)
FNDA:0,(anonymous_19)
FNDA:2,useDeleteAlertRule
FNDA:1,(anonymous_21)
FNDA:1,(anonymous_22)
DA:11,2
DA:19,2
DA:27,2
DA:36,3
DA:38,1
DA:44,2
DA:46,2
DA:47,1
DA:49,1
DA:55,2
DA:57,2
DA:58,1
DA:60,1
DA:68,2
DA:76,0
DA:78,0
DA:84,2
DA:86,2
DA:87,1
DA:89,1
DA:95,0
DA:97,0
DA:99,0
DA:101,0
DA:107,2
DA:109,2
DA:110,1
DA:112,1
LF:28
LH:22
BRF:0
BRH:0
end_of_record
TN:
SF:src/hooks/useAuditLogs.ts
FN:5,useAuditLogs
FN:8,(anonymous_1)
FN:13,useAuditLog
FN:16,(anonymous_3)
FN:21,useExportAuditLogsCsv
FN:23,(anonymous_5)
FN:24,(anonymous_6)
FN:37,useExportAuditLogsJson
FN:39,(anonymous_8)
FN:40,(anonymous_9)
FNF:10
FNH:10
FNDA:4,useAuditLogs
FNDA:2,(anonymous_1)
FNDA:3,useAuditLog
FNDA:1,(anonymous_3)
FNDA:2,useExportAuditLogsCsv
FNDA:1,(anonymous_5)
FNDA:1,(anonymous_6)
FNDA:2,useExportAuditLogsJson
FNDA:1,(anonymous_8)
FNDA:1,(anonymous_9)
DA:6,4
DA:8,2
DA:14,3
DA:16,1
DA:22,2
DA:23,1
DA:25,1
DA:26,1
DA:27,1
DA:28,1
DA:29,1
DA:30,1
DA:31,1
DA:32,1
DA:38,2
DA:39,1
DA:41,1
DA:42,1
DA:43,1
DA:44,1
DA:45,1
DA:46,1
DA:47,1
DA:48,1
LF:24
LH:24
BRF:0
BRH:0
end_of_record
TN:
SF:src/hooks/useAuth.ts
FN:5,useMe
FN:14,useLogout
FN:19,(anonymous_2)
FN:26,useUpdatePreferences
FN:30,(anonymous_4)
FN:32,(anonymous_5)
FNF:6
FNH:6
FNDA:4,useMe
FNDA:2,useLogout
FNDA:1,(anonymous_2)
FNDA:2,useUpdatePreferences
FNDA:1,(anonymous_4)
FNDA:1,(anonymous_5)
DA:6,4
DA:15,2
DA:17,2
DA:20,1
DA:21,1
DA:27,2
DA:29,2
DA:31,1
DA:33,1
LF:9
LH:9
BRF:0
BRH:0
end_of_record
TN:
SF:src/hooks/useBackupScripts.ts
FN:8,useBackupScripts
FN:11,(anonymous_1)
FN:17,useBackupScript
FN:20,(anonymous_3)
FN:25,useCreateBackupScript
FN:29,(anonymous_5)
FN:36,(anonymous_6)
FN:44,useUpdateBackupScript
FN:48,(anonymous_8)
FN:57,(anonymous_9)
FN:68,useDeleteBackupScript
FN:72,(anonymous_11)
FN:74,(anonymous_12)
FNF:13
FNH:10
FNDA:3,useBackupScripts
FNDA:1,(anonymous_1)
FNDA:3,useBackupScript
FNDA:1,(anonymous_3)
FNDA:2,useCreateBackupScript
FNDA:1,(anonymous_5)
FNDA:1,(anonymous_6)
FNDA:0,useUpdateBackupScript
FNDA:0,(anonymous_8)
FNDA:0,(anonymous_9)
FNDA:2,useDeleteBackupScript
FNDA:1,(anonymous_11)
FNDA:1,(anonymous_12)
DA:9,3
DA:11,1
DA:18,3
DA:20,1
DA:26,2
DA:28,2
DA:35,1
DA:37,1
DA:45,0
DA:47,0
DA:56,0
DA:58,0
DA:61,0
DA:69,2
DA:71,2
DA:73,1
DA:75,1
LF:17
LH:12
BRDA:21,0,0,3
BRDA:21,0,1,2
BRF:2
BRH:2
end_of_record
TN:
SF:src/hooks/useBackups.ts
FN:10,useBackups
FN:13,(anonymous_1)
FN:18,useBackup
FN:21,(anonymous_3)
FNF:4
FNH:4
FNDA:4,useBackups
FNDA:2,(anonymous_1)
FNDA:3,useBackup
FNDA:1,(anonymous_3)
DA:11,4
DA:13,2
DA:19,3
DA:21,1
LF:4
LH:4
BRF:0
BRH:0
end_of_record
TN:
SF:src/hooks/useCostEstimation.ts
FN:11,useCostSummary
FN:19,useRepositoryCosts
FN:27,useRepositoryCost
FN:30,(anonymous_3)
FN:36,useCostForecast
FN:39,(anonymous_5)
FN:44,useCostHistory
FN:47,(anonymous_7)
FN:53,usePricing
FN:61,useDefaultPricing
FN:69,useCreatePricing
FN:73,(anonymous_11)
FN:74,(anonymous_12)
FN:81,useUpdatePricing
FN:85,(anonymous_14)
FN:90,(anonymous_15)
FN:97,useDeletePricing
FN:101,(anonymous_17)
FN:102,(anonymous_18)
FN:110,useCostAlerts
FN:118,useCostAlert
FN:121,(anonymous_21)
FN:127,useCreateCostAlert
FN:131,(anonymous_23)
FN:132,(anonymous_24)
FN:138,useUpdateCostAlert
FN:142,(anonymous_26)
FN:144,(anonymous_27)
FN:150,useDeleteCostAlert
FN:154,(anonymous_29)
FN:155,(anonymous_30)
FNF:31
FNH:25
FNDA:2,useCostSummary
FNDA:2,useRepositoryCosts
FNDA:3,useRepositoryCost
FNDA:1,(anonymous_3)
FNDA:2,useCostForecast
FNDA:1,(anonymous_5)
FNDA:2,useCostHistory
FNDA:1,(anonymous_7)
FNDA:2,usePricing
FNDA:2,useDefaultPricing
FNDA:2,useCreatePricing
FNDA:1,(anonymous_11)
FNDA:1,(anonymous_12)
FNDA:0,useUpdatePricing
FNDA:0,(anonymous_14)
FNDA:0,(anonymous_15)
FNDA:2,useDeletePricing
FNDA:1,(anonymous_17)
FNDA:1,(anonymous_18)
FNDA:2,useCostAlerts
FNDA:3,useCostAlert
FNDA:1,(anonymous_21)
FNDA:2,useCreateCostAlert
FNDA:1,(anonymous_23)
FNDA:1,(anonymous_24)
FNDA:0,useUpdateCostAlert
FNDA:0,(anonymous_26)
FNDA:0,(anonymous_27)
FNDA:2,useDeleteCostAlert
FNDA:1,(anonymous_29)
FNDA:1,(anonymous_30)
DA:12,2
DA:20,2
DA:28,3
DA:30,1
DA:37,2
DA:39,1
DA:45,2
DA:47,1
DA:54,2
DA:62,2
DA:70,2
DA:72,2
DA:73,1
DA:75,1
DA:76,1
DA:82,0
DA:84,0
DA:89,0
DA:91,0
DA:92,0
DA:98,2
DA:100,2
DA:101,1
DA:103,1
DA:104,1
DA:111,2
DA:119,3
DA:121,1
DA:128,2
DA:130,2
DA:131,1
DA:133,1
DA:139,0
DA:141,0
DA:143,0
DA:145,0
DA:151,2
DA:153,2
DA:154,1
DA:156,1
LF:40
LH:31
BRDA:36,0,0,2
BRDA:44,1,0,2
BRF:2
BRH:2
end_of_record
TN:
SF:src/hooks/useDRRunbooks.ts
FN:9,useDRRunbooks
FN:12,(anonymous_1)
FN:17,useDRRunbook
FN:20,(anonymous_3)
FN:25,useDRStatus
FN:28,(anonymous_5)
FN:33,useCreateDRRunbook
FN:37,(anonymous_7)
FN:38,(anonymous_8)
FN:45,useUpdateDRRunbook
FN:49,(anonymous_10)
FN:51,(anonymous_11)
FN:58,useDeleteDRRunbook
FN:62,(anonymous_13)
FN:63,(anonymous_14)
FN:70,useActivateDRRunbook
FN:74,(anonymous_16)
FN:75,(anonymous_17)
FN:83,useArchiveDRRunbook
FN:87,(anonymous_19)
FN:88,(anonymous_20)
FN:96,useRenderDRRunbook
FN:99,(anonymous_22)
FN:104,useGenerateDRRunbook
FN:108,(anonymous_24)
FN:110,(anonymous_25)
FN:117,useDRTestSchedules
FN:120,(anonymous_27)
FN:125,useCreateDRTestSchedule
FN:129,(anonymous_29)
FN:136,(anonymous_30)
FNF:31
FNH:28
FNDA:2,useDRRunbooks
FNDA:1,(anonymous_1)
FNDA:3,useDRRunbook
FNDA:1,(anonymous_3)
FNDA:2,useDRStatus
FNDA:1,(anonymous_5)
FNDA:2,useCreateDRRunbook
FNDA:1,(anonymous_7)
FNDA:1,(anonymous_8)
FNDA:0,useUpdateDRRunbook
FNDA:0,(anonymous_10)
FNDA:0,(anonymous_11)
FNDA:2,useDeleteDRRunbook
FNDA:1,(anonymous_13)
FNDA:1,(anonymous_14)
FNDA:2,useActivateDRRunbook
FNDA:1,(anonymous_16)
FNDA:1,(anonymous_17)
FNDA:2,useArchiveDRRunbook
FNDA:1,(anonymous_19)
FNDA:1,(anonymous_20)
FNDA:3,useRenderDRRunbook
FNDA:1,(anonymous_22)
FNDA:2,useGenerateDRRunbook
FNDA:1,(anonymous_24)
FNDA:1,(anonymous_25)
FNDA:3,useDRTestSchedules
FNDA:1,(anonymous_27)
FNDA:2,useCreateDRTestSchedule
FNDA:1,(anonymous_29)
FNDA:1,(anonymous_30)
DA:10,2
DA:12,1
DA:18,3
DA:20,1
DA:26,2
DA:28,1
DA:34,2
DA:36,2
DA:37,1
DA:39,1
DA:40,1
DA:46,0
DA:48,0
DA:50,0
DA:52,0
DA:53,0
DA:59,2
DA:61,2
DA:62,1
DA:64,1
DA:65,1
DA:71,2
DA:73,2
DA:74,1
DA:76,1
DA:77,1
DA:78,1
DA:84,2
DA:86,2
DA:87,1
DA:89,1
DA:90,1
DA:91,1
DA:97,3
DA:99,1
DA:105,2
DA:107,2
DA:109,1
DA:111,1
DA:112,1
DA:118,3
DA:120,1
DA:126,2
DA:128,2
DA:135,1
DA:137,1
DA:140,1
LF:47
LH:42
BRF:0
BRH:0
end_of_record
TN:
SF:src/hooks/useDRTests.ts
FN:5,useDRTests
FN:8,(anonymous_1)
FN:13,useDRTest
FN:16,(anonymous_3)
FN:21,useRunDRTest
FN:25,(anonymous_5)
FN:26,(anonymous_6)
FN:33,useCancelDRTest
FN:37,(anonymous_8)
FN:39,(anonymous_9)
FNF:10
FNH:10
FNDA:4,useDRTests
FNDA:2,(anonymous_1)
FNDA:3,useDRTest
FNDA:1,(anonymous_3)
FNDA:2,useRunDRTest
FNDA:1,(anonymous_5)
FNDA:1,(anonymous_6)
FNDA:2,useCancelDRTest
FNDA:1,(anonymous_8)
FNDA:1,(anonymous_9)
DA:6,4
DA:8,2
DA:14,3
DA:16,1
DA:22,2
DA:24,2
DA:25,1
DA:27,1
DA:28,1
DA:34,2
DA:36,2
DA:38,1
DA:40,1
DA:41,1
LF:14
LH:14
BRF:0
BRH:0
end_of_record
TN:
SF:src/hooks/useExcludePatterns.ts
FN:10,useExcludePatterns
FN:13,(anonymous_1)
FN:18,useExcludePattern
FN:21,(anonymous_3)
FN:26,useExcludePatternsLibrary
FN:29,(anonymous_5)
FN:34,useExcludePatternCategories
FN:37,(anonymous_7)
FN:42,useCreateExcludePattern
FN:46,(anonymous_9)
FN:48,(anonymous_10)
FN:54,useUpdateExcludePattern
FN:58,(anonymous_12)
FN:65,(anonymous_13)
FN:74,useDeleteExcludePattern
FN:78,(anonymous_15)
FN:79,(anonymous_16)
FNF:17
FNH:14
FNDA:4,useExcludePatterns
FNDA:2,(anonymous_1)
FNDA:3,useExcludePattern
FNDA:1,(anonymous_3)
FNDA:2,useExcludePatternsLibrary
FNDA:1,(anonymous_5)
FNDA:2,useExcludePatternCategories
FNDA:1,(anonymous_7)
FNDA:2,useCreateExcludePattern
FNDA:1,(anonymous_9)
FNDA:1,(anonymous_10)
FNDA:0,useUpdateExcludePattern
FNDA:0,(anonymous_12)
FNDA:0,(anonymous_13)
FNDA:2,useDeleteExcludePattern
FNDA:1,(anonymous_15)
FNDA:1,(anonymous_16)
DA:11,4
DA:13,2
DA:19,3
DA:21,1
DA:27,2
DA:29,1
DA:35,2
DA:37,1
DA:43,2
DA:45,2
DA:47,1
DA:49,1
DA:55,0
DA:57,0
DA:64,0
DA:66,0
DA:67,0
DA:75,2
DA:77,2
DA:78,1
DA:80,1
LF:21
LH:16
BRF:0
BRH:0
end_of_record
TN:
SF:src/hooks/useFileHistory.ts
FN:5,useFileHistory
FN:13,(anonymous_1)
FNF:2
FNH:2
FNDA:3,useFileHistory
FNDA:1,(anonymous_1)
DA:6,3
DA:14,1
DA:15,0
DA:17,1
LF:4
LH:3
BRDA:14,0,0,0
BRDA:14,0,1,1
BRDA:19,1,0,3
BRDA:19,1,1,2
BRDA:19,1,2,2
BRF:5
BRH:4
end_of_record
TN:
SF:src/hooks/useLocale.ts
FN:29,useLocale
FN:38,(anonymous_1)
FN:46,(anonymous_2)
FN:56,(anonymous_3)
FN:72,(anonymous_4)
FN:88,(anonymous_5)
FN:110,(anonymous_6)
FN:118,(anonymous_7)
FN:133,(anonymous_8)
FN:145,(anonymous_9)
FN:164,(anonymous_10)
FNF:11
FNH:11
FNDA:19,useLocale
FNDA:19,(anonymous_1)
FNDA:1,(anonymous_2)
FNDA:2,(anonymous_3)
FNDA:2,(anonymous_4)
FNDA:1,(anonymous_5)
FNDA:2,(anonymous_6)
FNDA:3,(anonymous_7)
FNDA:2,(anonymous_8)
FNDA:4,(anonymous_9)
FNDA:19,(anonymous_10)
DA:30,19
DA:31,19
DA:32,19
DA:34,19
DA:35,19
DA:38,19
DA:39,19
DA:40,0
DA:41,0
DA:45,19
DA:47,1
DA:48,1
DA:50,1
DA:55,19
DA:57,2
DA:59,1
DA:60,1
DA:62,1
DA:71,19
DA:73,2
DA:75,1
DA:76,1
DA:87,19
DA:89,1
DA:91,0
DA:92,0
DA:93,0
DA:94,0
DA:95,0
DA:96,0
DA:97,0
DA:99,0
DA:100,0
DA:101,0
DA:102,0
DA:104,0
DA:109,19
DA:111,2
DA:112,1
DA:117,19
DA:119,3
DA:120,2
DA:122,1
DA:123,1
DA:124,1
DA:125,1
DA:127,1
DA:132,19
DA:134,2
DA:135,1
DA:144,19
DA:146,4
DA:148,3
DA:149,3
DA:150,3
DA:151,3
DA:152,3
DA:153,3
DA:155,3
DA:156,2
DA:157,2
DA:158,1
DA:163,19
DA:164,19
LF:64
LH:50
BRDA:34,0,0,19
BRDA:34,0,1,0
BRDA:35,1,0,19
BRDA:35,1,1,0
BRDA:39,2,0,0
BRDA:39,2,1,19
BRDA:39,3,0,19
BRDA:39,3,1,0
BRDA:57,4,0,1
BRDA:57,4,1,1
BRDA:65,5,0,1
BRDA:65,5,1,0
BRDA:73,6,0,1
BRDA:73,6,1,1
BRDA:89,7,0,1
BRDA:89,7,1,0
BRDA:99,8,0,0
BRDA:99,8,1,0
BRDA:100,9,0,0
BRDA:100,9,1,0
BRDA:101,10,0,0
BRDA:101,10,1,0
BRDA:102,11,0,0
BRDA:102,11,1,0
BRDA:111,12,0,1
BRDA:111,12,1,1
BRDA:111,13,0,2
BRDA:111,13,1,1
BRDA:119,14,0,1
BRDA:119,14,1,2
BRDA:119,15,0,3
BRDA:119,15,1,2
BRDA:120,16,0,1
BRDA:120,16,1,1
BRDA:127,17,0,1
BRDA:127,17,1,0
BRDA:134,18,0,1
BRDA:134,18,1,1
BRDA:134,19,0,2
BRDA:134,19,1,1
BRDA:146,20,0,1
BRDA:146,20,1,3
BRDA:155,21,0,1
BRDA:155,21,1,2
BRDA:156,22,0,1
BRDA:156,22,1,1
BRF:46
BRH:31
end_of_record
TN:
SF:src/hooks/useMaintenance.ts
FN:8,useMaintenanceWindows
FN:11,(anonymous_1)
FN:16,useMaintenanceWindow
FN:19,(anonymous_3)
FN:24,useActiveMaintenance
FN:27,(anonymous_5)
FN:33,useCreateMaintenanceWindow
FN:37,(anonymous_7)
FN:39,(anonymous_8)
FN:46,useUpdateMaintenanceWindow
FN:50,(anonymous_10)
FN:55,(anonymous_11)
FN:63,useDeleteMaintenanceWindow
FN:67,(anonymous_13)
FN:68,(anonymous_14)
FNF:15
FNH:12
FNDA:2,useMaintenanceWindows
FNDA:1,(anonymous_1)
FNDA:3,useMaintenanceWindow
FNDA:1,(anonymous_3)
FNDA:2,useActiveMaintenance
FNDA:1,(anonymous_5)
FNDA:2,useCreateMaintenanceWindow
FNDA:1,(anonymous_7)
FNDA:1,(anonymous_8)
FNDA:0,useUpdateMaintenanceWindow
FNDA:0,(anonymous_10)
FNDA:0,(anonymous_11)
FNDA:2,useDeleteMaintenanceWindow
FNDA:1,(anonymous_13)
FNDA:1,(anonymous_14)
DA:9,2
DA:11,1
DA:17,3
DA:19,1
DA:25,2
DA:27,1
DA:34,2
DA:36,2
DA:38,1
DA:40,1
DA:41,1
DA:47,0
DA:49,0
DA:54,0
DA:56,0
DA:57,0
DA:58,0
DA:64,2
DA:66,2
DA:67,1
DA:69,1
DA:70,1
LF:22
LH:16
BRF:0
BRH:0
end_of_record
TN:
SF:src/hooks/useMetrics.ts
FN:4,useDashboardStats
FN:12,useBackupSuccessRates
FN:20,useStorageGrowthTrend
FN:23,(anonymous_3)
FN:28,useBackupDurationTrend
FN:31,(anonymous_5)
FN:36,useDailyBackupStats
FN:39,(anonymous_7)
FNF:8
FNH:8
FNDA:2,useDashboardStats
FNDA:2,useBackupSuccessRates
FNDA:4,useStorageGrowthTrend
FNDA:2,(anonymous_3)
FNDA:2,useBackupDurationTrend
FNDA:1,(anonymous_5)
FNDA:2,useDailyBackupStats
FNDA:1,(anonymous_7)
DA:5,2
DA:13,2
DA:21,4
DA:23,2
DA:29,2
DA:31,1
DA:37,2
DA:39,1
LF:8
LH:8
BRDA:20,0,0,4
BRDA:28,1,0,2
BRDA:36,2,0,2
BRF:3
BRH:3
end_of_record
TN:
SF:src/hooks/useNotifications.ts
FN:11,useNotificationChannels
FN:19,useNotificationChannel
FN:22,(anonymous_2)
FN:27,useCreateNotificationChannel
FN:31,(anonymous_4)
FN:33,(anonymous_5)
FN:39,useUpdateNotificationChannel
FN:43,(anonymous_7)
FN:50,(anonymous_8)
FN:56,useDeleteNotificationChannel
FN:60,(anonymous_10)
FN:61,(anonymous_11)
FN:68,useNotificationPreferences
FN:76,useCreateNotificationPreference
FN:80,(anonymous_14)
FN:82,(anonymous_15)
FN:89,useUpdateNotificationPreference
FN:93,(anonymous_17)
FN:100,(anonymous_18)
FN:107,useDeleteNotificationPreference
FN:111,(anonymous_20)
FN:112,(anonymous_21)
FN:120,useNotificationLogs
FNF:23
FNH:17
FNDA:2,useNotificationChannels
FNDA:3,useNotificationChannel
FNDA:1,(anonymous_2)
FNDA:2,useCreateNotificationChannel
FNDA:1,(anonymous_4)
FNDA:1,(anonymous_5)
FNDA:0,useUpdateNotificationChannel
FNDA:0,(anonymous_7)
FNDA:0,(anonymous_8)
FNDA:2,useDeleteNotificationChannel
FNDA:1,(anonymous_10)
FNDA:1,(anonymous_11)
FNDA:2,useNotificationPreferences
FNDA:2,useCreateNotificationPreference
FNDA:1,(anonymous_14)
FNDA:1,(anonymous_15)
FNDA:0,useUpdateNotificationPreference
FNDA:0,(anonymous_17)
FNDA:0,(anonymous_18)
FNDA:2,useDeleteNotificationPreference
FNDA:1,(anonymous_20)
FNDA:1,(anonymous_21)
FNDA:2,useNotificationLogs
DA:12,2
DA:20,3
DA:22,1
DA:28,2
DA:30,2
DA:32,1
DA:34,1
DA:40,0
DA:42,0
DA:49,0
DA:51,0
DA:57,2
DA:59,2
DA:60,1
DA:62,1
DA:69,2
DA:77,2
DA:79,2
DA:81,1
DA:83,1
DA:84,1
DA:90,0
DA:92,0
DA:99,0
DA:101,0
DA:102,0
DA:108,2
DA:110,2
DA:111,1
DA:113,1
DA:114,1
DA:121,2
LF:32
LH:23
BRF:0
BRH:0
end_of_record
TN:
SF:src/hooks/useOnboarding.ts
FN:5,useOnboardingStatus
FN:13,useCompleteOnboardingStep
FN:17,(anonymous_2)
FN:18,(anonymous_3)
FN:24,useSkipOnboarding
FN:28,(anonymous_5)
FN:29,(anonymous_6)
FNF:7
FNH:7
FNDA:2,useOnboardingStatus
FNDA:2,useCompleteOnboardingStep
FNDA:1,(anonymous_2)
FNDA:1,(anonymous_3)
FNDA:2,useSkipOnboarding
FNDA:1,(anonymous_5)
FNDA:1,(anonymous_6)
DA:6,2
DA:14,2
DA:16,2
DA:17,1
DA:19,1
DA:25,2
DA:27,2
DA:28,1
DA:30,1
LF:9
LH:9
BRF:0
BRH:0
end_of_record
TN:
SF:src/hooks/useOrganizations.ts
FN:10,useOrganizations
FN:17,useOrganization
FN:20,(anonymous_2)
FN:25,useCurrentOrganization
FN:33,useCreateOrganization
FN:37,(anonymous_5)
FN:38,(anonymous_6)
FN:45,useUpdateOrganization
FN:49,(anonymous_8)
FN:51,(anonymous_9)
FN:59,useDeleteOrganization
FN:63,(anonymous_11)
FN:64,(anonymous_12)
FN:71,useSwitchOrganization
FN:75,(anonymous_14)
FN:76,(anonymous_15)
FN:89,useOrgMembers
FN:92,(anonymous_17)
FN:97,useUpdateMember
FN:101,(anonymous_19)
FN:110,(anonymous_20)
FN:118,useRemoveMember
FN:122,(anonymous_22)
FN:124,(anonymous_23)
FN:133,useOrgInvitations
FN:136,(anonymous_25)
FN:141,useCreateInvitation
FN:145,(anonymous_27)
FN:150,(anonymous_28)
FN:158,useDeleteInvitation
FN:162,(anonymous_30)
FN:169,(anonymous_31)
FN:177,useAcceptInvitation
FN:181,(anonymous_33)
FN:182,(anonymous_34)
FNF:35
FNH:29
FNDA:2,useOrganizations
FNDA:3,useOrganization
FNDA:1,(anonymous_2)
FNDA:2,useCurrentOrganization
FNDA:2,useCreateOrganization
FNDA:1,(anonymous_5)
FNDA:1,(anonymous_6)
FNDA:0,useUpdateOrganization
FNDA:0,(anonymous_8)
FNDA:0,(anonymous_9)
FNDA:2,useDeleteOrganization
FNDA:1,(anonymous_11)
FNDA:1,(anonymous_12)
FNDA:2,useSwitchOrganization
FNDA:1,(anonymous_14)
FNDA:1,(anonymous_15)
FNDA:3,useOrgMembers
FNDA:1,(anonymous_17)
FNDA:0,useUpdateMember
FNDA:0,(anonymous_19)
FNDA:0,(anonymous_20)
FNDA:2,useRemoveMember
FNDA:1,(anonymous_22)
FNDA:1,(anonymous_23)
FNDA:2,useOrgInvitations
FNDA:1,(anonymous_25)
FNDA:2,useCreateInvitation
FNDA:1,(anonymous_27)
FNDA:1,(anonymous_28)
FNDA:2,useDeleteInvitation
FNDA:1,(anonymous_30)
FNDA:1,(anonymous_31)
FNDA:2,useAcceptInvitation
FNDA:1,(anonymous_33)
FNDA:1,(anonymous_34)
DA:11,2
DA:18,3
DA:20,1
DA:26,2
DA:34,2
DA:36,2
DA:37,1
DA:39,1
DA:40,1
DA:46,0
DA:48,0
DA:50,0
DA:52,0
DA:53,0
DA:54,0
DA:60,2
DA:62,2
DA:63,1
DA:65,1
DA:66,1
DA:72,2
DA:74,2
DA:75,1
DA:78,1
DA:79,1
DA:80,1
DA:81,1
DA:82,1
DA:83,1
DA:90,3
DA:92,1
DA:98,0
DA:100,0
DA:109,0
DA:111,0
DA:119,2
DA:121,2
DA:123,1
DA:125,1
DA:134,2
DA:136,1
DA:142,2
DA:144,2
DA:149,1
DA:151,1
DA:159,2
DA:161,2
DA:168,1
DA:170,1
DA:178,2
DA:180,2
DA:181,1
DA:183,1
DA:184,1
LF:54
LH:44
BRF:0
BRH:0
end_of_record
TN:
SF:src/hooks/usePolicies.ts
FN:9,usePolicies
FN:12,(anonymous_1)
FN:17,usePolicy
FN:20,(anonymous_3)
FN:25,usePolicySchedules
FN:28,(anonymous_5)
FN:33,useCreatePolicy
FN:36,(anonymous_7)
FN:37,(anonymous_8)
FN:43,useUpdatePolicy
FN:46,(anonymous_10)
FN:48,(anonymous_11)
FN:55,useDeletePolicy
FN:58,(anonymous_13)
FN:59,(anonymous_14)
FN:65,useApplyPolicy
FN:68,(anonymous_16)
FN:70,(anonymous_17)
FNF:18
FNH:15
FNDA:2,usePolicies
FNDA:1,(anonymous_1)
FNDA:3,usePolicy
FNDA:1,(anonymous_3)
FNDA:2,usePolicySchedules
FNDA:1,(anonymous_5)
FNDA:2,useCreatePolicy
FNDA:1,(anonymous_7)
FNDA:1,(anonymous_8)
FNDA:0,useUpdatePolicy
FNDA:0,(anonymous_10)
FNDA:0,(anonymous_11)
FNDA:2,useDeletePolicy
FNDA:1,(anonymous_13)
FNDA:1,(anonymous_14)
FNDA:2,useApplyPolicy
FNDA:1,(anonymous_16)
FNDA:1,(anonymous_17)
DA:10,2
DA:12,1
DA:18,3
DA:20,1
DA:26,2
DA:28,1
DA:34,2
DA:35,2
DA:36,1
DA:38,1
DA:44,0
DA:45,0
DA:47,0
DA:49,0
DA:50,0
DA:56,2
DA:57,2
DA:58,1
DA:60,1
DA:66,2
DA:67,2
DA:69,1
DA:71,1
DA:72,1
LF:24
LH:19
BRF:0
BRH:0
end_of_record
TN:
SF:src/hooks/useReports.ts
FN:9,useReportSchedules
FN:17,useReportSchedule
FN:20,(anonymous_2)
FN:25,useCreateReportSchedule
FN:29,(anonymous_4)
FN:31,(anonymous_5)
FN:37,useUpdateReportSchedule
FN:41,(anonymous_7)
FN:48,(anonymous_8)
FN:54,useDeleteReportSchedule
FN:58,(anonymous_10)
FN:59,(anonymous_11)
FN:65,useSendReport
FN:69,(anonymous_13)
FN:71,(anonymous_14)
FN:77,usePreviewReport
FN:79,(anonymous_16)
FN:89,useReportHistory
FN:97,useReportHistoryEntry
FN:100,(anonymous_19)
FNF:20
FNH:17
FNDA:2,useReportSchedules
FNDA:3,useReportSchedule
FNDA:1,(anonymous_2)
FNDA:2,useCreateReportSchedule
FNDA:1,(anonymous_4)
FNDA:1,(anonymous_5)
FNDA:0,useUpdateReportSchedule
FNDA:0,(anonymous_7)
FNDA:0,(anonymous_8)
FNDA:2,useDeleteReportSchedule
FNDA:1,(anonymous_10)
FNDA:1,(anonymous_11)
FNDA:2,useSendReport
FNDA:1,(anonymous_13)
FNDA:1,(anonymous_14)
FNDA:2,usePreviewReport
FNDA:1,(anonymous_16)
FNDA:2,useReportHistory
FNDA:3,useReportHistoryEntry
FNDA:1,(anonymous_19)
DA:10,2
DA:18,3
DA:20,1
DA:26,2
DA:28,2
DA:30,1
DA:32,1
DA:38,0
DA:40,0
DA:47,0
DA:49,0
DA:55,2
DA:57,2
DA:58,1
DA:60,1
DA:66,2
DA:68,2
DA:70,1
DA:72,1
DA:78,2
DA:85,1
DA:90,2
DA:98,3
DA:100,1
LF:24
LH:20
BRDA:69,0,0,1
BRDA:81,1,0,1
BRF:2
BRH:2
end_of_record
TN:
SF:src/hooks/useRepositories.ts
FN:9,useRepositories
FN:17,useRepository
FN:20,(anonymous_2)
FN:25,useCreateRepository
FN:29,(anonymous_4)
FN:30,(anonymous_5)
FN:36,useUpdateRepository
FN:40,(anonymous_7)
FN:42,(anonymous_8)
FN:49,useDeleteRepository
FN:53,(anonymous_10)
FN:54,(anonymous_11)
FN:60,useTestRepository
FN:62,(anonymous_13)
FN:66,useTestConnection
FN:68,(anonymous_15)
FN:73,useRecoverRepositoryKey
FN:75,(anonymous_17)
FNF:18
FNH:13
FNDA:2,useRepositories
FNDA:3,useRepository
FNDA:1,(anonymous_2)
FNDA:2,useCreateRepository
FNDA:1,(anonymous_4)
FNDA:1,(anonymous_5)
FNDA:0,useUpdateRepository
FNDA:0,(anonymous_7)
FNDA:0,(anonymous_8)
FNDA:2,useDeleteRepository
FNDA:1,(anonymous_10)
FNDA:1,(anonymous_11)
FNDA:2,useTestRepository
FNDA:1,(anonymous_13)
FNDA:2,useTestConnection
FNDA:1,(anonymous_15)
FNDA:0,useRecoverRepositoryKey
FNDA:0,(anonymous_17)
DA:10,2
DA:18,3
DA:20,1
DA:26,2
DA:28,2
DA:29,1
DA:31,1
DA:37,0
DA:39,0
DA:41,0
DA:43,0
DA:44,0
DA:50,2
DA:52,2
DA:53,1
DA:55,1
DA:61,2
DA:62,1
DA:67,2
DA:69,1
DA:74,0
DA:75,0
LF:22
LH:15
BRF:0
BRH:0
end_of_record
TN:
SF:src/hooks/useRestore.ts
FN:10,useRestores
FN:13,(anonymous_1)
FN:18,useRestore
FN:21,(anonymous_3)
FN:23,(anonymous_4)
FN:34,useCreateRestore
FN:38,(anonymous_6)
FN:39,(anonymous_7)
FNF:8
FNH:8
FNDA:4,useRestores
FNDA:2,(anonymous_1)
FNDA:3,useRestore
FNDA:1,(anonymous_3)
FNDA:9,(anonymous_4)
FNDA:2,useCreateRestore
FNDA:1,(anonymous_6)
FNDA:1,(anonymous_7)
DA:11,4
DA:13,2
DA:19,3
DA:21,1
DA:25,9
DA:26,9
DA:27,0
DA:29,9
DA:35,2
DA:37,2
DA:38,1
DA:40,1
LF:12
LH:11
BRDA:26,0,0,0
BRDA:26,0,1,9
BRDA:26,1,0,9
BRDA:26,1,1,9
BRF:4
BRH:3
end_of_record
TN:
SF:src/hooks/useSSOGroupMappings.ts
FN:10,useSSOGroupMappings
FN:13,(anonymous_1)
FN:18,useSSOGroupMapping
FN:21,(anonymous_3)
FN:26,useCreateSSOGroupMapping
FN:30,(anonymous_5)
FN:37,(anonymous_6)
FN:45,useUpdateSSOGroupMapping
FN:49,(anonymous_8)
FN:58,(anonymous_9)
FN:69,useDeleteSSOGroupMapping
FN:73,(anonymous_11)
FN:75,(anonymous_12)
FN:84,useSSOSettings
FN:87,(anonymous_14)
FN:92,useUpdateSSOSettings
FN:96,(anonymous_16)
FN:103,(anonymous_17)
FN:112,useUserSSOGroups
FN:115,(anonymous_19)
FNF:20
FNH:17
FNDA:3,useSSOGroupMappings
FNDA:1,(anonymous_1)
FNDA:2,useSSOGroupMapping
FNDA:1,(anonymous_3)
FNDA:2,useCreateSSOGroupMapping
FNDA:1,(anonymous_5)
FNDA:1,(anonymous_6)
FNDA:0,useUpdateSSOGroupMapping
FNDA:0,(anonymous_8)
FNDA:0,(anonymous_9)
FNDA:2,useDeleteSSOGroupMapping
FNDA:1,(anonymous_11)
FNDA:1,(anonymous_12)
FNDA:2,useSSOSettings
FNDA:1,(anonymous_14)
FNDA:2,useUpdateSSOSettings
FNDA:1,(anonymous_16)
FNDA:1,(anonymous_17)
FNDA:3,useUserSSOGroups
FNDA:1,(anonymous_19)
DA:11,3
DA:13,1
DA:19,2
DA:21,1
DA:27,2
DA:29,2
DA:36,1
DA:38,1
DA:46,0
DA:48,0
DA:57,0
DA:59,0
DA:62,0
DA:70,2
DA:72,2
DA:74,1
DA:76,1
DA:85,2
DA:87,1
DA:93,2
DA:95,2
DA:102,1
DA:104,1
DA:113,3
DA:115,1
LF:25
LH:20
BRDA:22,0,0,2
BRDA:22,0,1,2
BRF:2
BRH:2
end_of_record
TN:
SF:src/hooks/useSchedules.ts
FN:8,useSchedules
FN:11,(anonymous_1)
FN:16,useSchedule
FN:19,(anonymous_3)
FN:24,useCreateSchedule
FN:28,(anonymous_5)
FN:29,(anonymous_6)
FN:35,useUpdateSchedule
FN:39,(anonymous_8)
FN:41,(anonymous_9)
FN:48,useDeleteSchedule
FN:52,(anonymous_11)
FN:53,(anonymous_12)
FN:59,useRunSchedule
FN:63,(anonymous_14)
FN:64,(anonymous_15)
FN:70,useReplicationStatus
FN:73,(anonymous_17)
FNF:18
FNH:15
FNDA:4,useSchedules
FNDA:2,(anonymous_1)
FNDA:3,useSchedule
FNDA:1,(anonymous_3)
FNDA:2,useCreateSchedule
FNDA:1,(anonymous_5)
FNDA:1,(anonymous_6)
FNDA:0,useUpdateSchedule
FNDA:0,(anonymous_8)
FNDA:0,(anonymous_9)
FNDA:2,useDeleteSchedule
FNDA:1,(anonymous_11)
FNDA:1,(anonymous_12)
FNDA:2,useRunSchedule
FNDA:1,(anonymous_14)
FNDA:1,(anonymous_15)
FNDA:3,useReplicationStatus
FNDA:1,(anonymous_17)
DA:9,4
DA:11,2
DA:17,3
DA:19,1
DA:25,2
DA:27,2
DA:28,1
DA:30,1
DA:36,0
DA:38,0
DA:40,0
DA:42,0
DA:43,0
DA:49,2
DA:51,2
DA:52,1
DA:54,1
DA:60,2
DA:62,2
DA:63,1
DA:65,1
DA:71,3
DA:73,1
LF:23
LH:18
BRF:0
BRH:0
end_of_record
TN:
SF:src/hooks/useSearch.ts
FN:5,useSearch
FN:8,(anonymous_1)
FNF:2
FNH:2
FNDA:4,useSearch
FNDA:1,(anonymous_1)
DA:6,4
DA:9,1
DA:10,0
DA:12,1
LF:4
LH:3
BRDA:9,0,0,0
BRDA:9,0,1,1
BRDA:9,1,0,1
BRDA:9,1,1,1
BRF:4
BRH:3
end_of_record
TN:
SF:src/hooks/useSnapshotComments.ts
FN:5,useSnapshotComments
FN:8,(anonymous_1)
FN:14,useCreateSnapshotComment
FN:18,(anonymous_3)
FN:20,(anonymous_4)
FN:28,useDeleteSnapshotComment
FN:32,(anonymous_6)
FN:33,(anonymous_7)
FNF:8
FNH:8
FNDA:2,useSnapshotComments
FNDA:1,(anonymous_1)
FNDA:2,useCreateSnapshotComment
FNDA:1,(anonymous_3)
FNDA:1,(anonymous_4)
FNDA:2,useDeleteSnapshotComment
FNDA:1,(anonymous_6)
FNDA:1,(anonymous_7)
DA:6,2
DA:8,1
DA:15,2
DA:17,2
DA:19,1
DA:21,1
DA:29,2
DA:31,2
DA:32,1
DA:34,1
LF:10
LH:10
BRF:0
BRH:0
end_of_record
TN:
SF:src/hooks/useSnapshots.ts
FN:9,useSnapshots
FN:12,(anonymous_1)
FN:17,useSnapshot
FN:20,(anonymous_3)
FN:25,useSnapshotFiles
FN:28,(anonymous_5)
FN:34,useSnapshotCompare
FN:37,(anonymous_7)
FNF:8
FNH:8
FNDA:4,useSnapshots
FNDA:2,(anonymous_1)
FNDA:3,useSnapshot
FNDA:1,(anonymous_3)
FNDA:3,useSnapshotFiles
FNDA:1,(anonymous_5)
FNDA:3,useSnapshotCompare
FNDA:1,(anonymous_7)
DA:10,4
DA:12,2
DA:18,3
DA:20,1
DA:26,3
DA:28,1
DA:35,3
DA:37,1
LF:8
LH:8
BRDA:27,0,0,3
BRDA:27,0,1,3
BRDA:38,1,0,3
BRDA:38,1,1,2
BRF:4
BRH:4
end_of_record
TN:
SF:src/hooks/useStorageStats.ts
FN:4,useStorageStatsSummary
FN:12,useStorageGrowth
FN:15,(anonymous_2)
FN:20,useRepositoryStatsList
FN:28,useRepositoryStats
FN:31,(anonymous_5)
FN:37,useRepositoryGrowth
FN:40,(anonymous_7)
FN:46,useRepositoryHistory
FN:49,(anonymous_9)
FNF:10
FNH:10
FNDA:2,useStorageStatsSummary
FNDA:4,useStorageGrowth
FNDA:2,(anonymous_2)
FNDA:2,useRepositoryStatsList
FNDA:3,useRepositoryStats
FNDA:1,(anonymous_5)
FNDA:2,useRepositoryGrowth
FNDA:1,(anonymous_7)
FNDA:2,useRepositoryHistory
FNDA:1,(anonymous_9)
DA:5,2
DA:13,4
DA:15,2
DA:21,2
DA:29,3
DA:31,1
DA:38,2
DA:40,1
DA:47,2
DA:49,1
LF:10
LH:10
BRDA:12,0,0,4
BRDA:37,1,0,2
BRDA:46,2,0,2
BRF:3
BRH:3
end_of_record
TN:
SF:src/hooks/useTags.ts
FN:9,useTags
FN:12,(anonymous_1)
FN:17,useTag
FN:20,(anonymous_3)
FN:25,useCreateTag
FN:29,(anonymous_5)
FN:30,(anonymous_6)
FN:36,useUpdateTag
FN:40,(anonymous_8)
FN:42,(anonymous_9)
FN:48,useDeleteTag
FN:52,(anonymous_11)
FN:53,(anonymous_12)
FN:59,useBackupTags
FN:62,(anonymous_14)
FN:67,useSetBackupTags
FN:71,(anonymous_16)
FN:78,(anonymous_17)
FNF:18
FNH:15
FNDA:2,useTags
FNDA:1,(anonymous_1)
FNDA:3,useTag
FNDA:1,(anonymous_3)
FNDA:2,useCreateTag
FNDA:1,(anonymous_5)
FNDA:1,(anonymous_6)
FNDA:0,useUpdateTag
FNDA:0,(anonymous_8)
FNDA:0,(anonymous_9)
FNDA:2,useDeleteTag
FNDA:1,(anonymous_11)
FNDA:1,(anonymous_12)
FNDA:3,useBackupTags
FNDA:1,(anonymous_14)
FNDA:2,useSetBackupTags
FNDA:1,(anonymous_16)
FNDA:1,(anonymous_17)
DA:10,2
DA:12,1
DA:18,3
DA:20,1
DA:26,2
DA:28,2
DA:29,1
DA:31,1
DA:37,0
DA:39,0
DA:41,0
DA:43,0
DA:49,2
DA:51,2
DA:52,1
DA:54,1
DA:60,3
DA:62,1
DA:68,2
DA:70,2
DA:77,1
DA:79,1
DA:82,1
LF:23
LH:19
BRF:0
BRH:0
end_of_record
TN:
SF:src/hooks/useTheme.ts
FN:7,getSystemTheme
FN:16,getStoredTheme
FN:26,applyTheme
FN:37,useTheme
FN:39,(anonymous_4)
FN:44,(anonymous_5)
FN:51,(anonymous_6)
FN:58,(anonymous_7)
FN:62,(anonymous_8)
FN:70,(anonymous_9)
FNF:10
FNH:9
FNDA:15,getSystemTheme
FNDA:16,getStoredTheme
FNDA:26,applyTheme
FNDA:17,useTheme
FNDA:8,(anonymous_4)
FNDA:9,(anonymous_5)
FNDA:3,(anonymous_6)
FNDA:17,(anonymous_7)
FNDA:0,(anonymous_8)
FNDA:17,(anonymous_9)
DA:5,1
DA:8,15
DA:9,15
DA:13,0
DA:17,16
DA:18,16
DA:19,16
DA:20,4
DA:23,12
DA:27,26
DA:28,26
DA:30,26
DA:31,11
DA:33,15
DA:38,17
DA:39,17
DA:40,8
DA:41,8
DA:44,17
DA:45,9
DA:46,9
DA:47,9
DA:48,9
DA:51,17
DA:53,3
DA:54,3
DA:58,17
DA:59,17
DA:61,17
DA:62,17
DA:63,0
DA:64,0
DA:65,0
DA:69,17
DA:70,17
DA:73,17
LF:36
LH:32
BRDA:8,0,0,15
BRDA:8,0,1,0
BRDA:9,1,0,0
BRDA:9,1,1,15
BRDA:17,2,0,16
BRDA:17,2,1,0
BRDA:19,3,0,4
BRDA:19,3,1,12
BRDA:19,4,0,16
BRDA:19,4,1,14
BRDA:19,4,2,12
BRDA:28,5,0,8
BRDA:28,5,1,18
BRDA:30,6,0,11
BRDA:30,6,1,15
BRDA:41,7,0,6
BRDA:41,7,1,2
BRDA:48,8,0,1
BRDA:48,8,1,8
BRDA:53,9,0,1
BRDA:53,9,1,2
BRDA:53,10,0,1
BRDA:53,10,1,1
BRDA:63,11,0,0
BRDA:63,11,1,0
BRF:25
BRH:20
end_of_record
TN:
SF:src/hooks/useVerifications.ts
FN:10,useVerificationStatus
FN:13,(anonymous_1)
FN:20,useVerifications
FN:23,(anonymous_3)
FN:29,useVerification
FN:32,(anonymous_5)
FN:37,useTriggerVerification
FN:41,(anonymous_7)
FN:51,(anonymous_8)
FN:60,useVerificationSchedules
FN:63,(anonymous_10)
FN:69,useCreateVerificationSchedule
FN:73,(anonymous_12)
FN:80,(anonymous_13)
FN:91,useUpdateVerificationSchedule
FN:95,(anonymous_15)
FN:103,(anonymous_16)
FN:114,useDeleteVerificationSchedule
FN:118,(anonymous_18)
FN:120,(anonymous_19)
FNF:20
FNH:17
FNDA:3,useVerificationStatus
FNDA:1,(anonymous_1)
FNDA:2,useVerifications
FNDA:1,(anonymous_3)
FNDA:3,useVerification
FNDA:1,(anonymous_5)
FNDA:2,useTriggerVerification
FNDA:1,(anonymous_7)
FNDA:1,(anonymous_8)
FNDA:2,useVerificationSchedules
FNDA:1,(anonymous_10)
FNDA:2,useCreateVerificationSchedule
FNDA:1,(anonymous_12)
FNDA:1,(anonymous_13)
FNDA:0,useUpdateVerificationSchedule
FNDA:0,(anonymous_15)
FNDA:0,(anonymous_16)
FNDA:2,useDeleteVerificationSchedule
FNDA:1,(anonymous_18)
FNDA:1,(anonymous_19)
DA:11,3
DA:13,1
DA:21,2
DA:23,1
DA:30,3
DA:32,1
DA:38,2
DA:40,2
DA:48,1
DA:49,1
DA:52,1
DA:53,1
DA:61,2
DA:63,1
DA:70,2
DA:72,2
DA:79,1
DA:81,1
DA:84,1
DA:92,0
DA:94,0
DA:102,0
DA:104,0
DA:107,0
DA:115,2
DA:117,2
DA:119,1
DA:121,1
DA:124,1
LF:29
LH:24
BRF:0
BRH:0
end_of_record
TN:
SF:src/lib/api.ts
FN:190,(anonymous_0)
FN:199,handleResponse
FN:206,(anonymous_2)
FN:215,fetchApi
FN:231,fetchAuth
FN:249,(anonymous_5)
FN:251,(anonymous_6)
FN:254,(anonymous_7)
FN:262,(anonymous_8)
FN:267,(anonymous_9)
FN:272,(anonymous_10)
FN:274,(anonymous_11)
FN:280,(anonymous_12)
FN:285,(anonymous_13)
FN:290,(anonymous_14)
FN:295,(anonymous_15)
FN:298,(anonymous_16)
FN:301,(anonymous_17)
FN:304,(anonymous_18)
FN:312,(anonymous_19)
FN:315,(anonymous_20)
FN:325,(anonymous_21)
FN:330,(anonymous_22)
FN:333,(anonymous_23)
FN:339,(anonymous_24)
FN:348,(anonymous_25)
FN:353,(anonymous_26)
FN:360,(anonymous_27)
FN:369,(anonymous_28)
FN:380,(anonymous_29)
FN:385,(anonymous_30)
FN:388,(anonymous_31)
FN:396,(anonymous_32)
FN:405,(anonymous_33)
FN:410,(anonymous_34)
FN:415,(anonymous_35)
FN:423,(anonymous_36)
FN:429,(anonymous_37)
FN:435,(anonymous_38)
FN:438,(anonymous_39)
FN:444,(anonymous_40)
FN:450,(anonymous_41)
FN:455,(anonymous_42)
FN:460,(anonymous_43)
FN:470,(anonymous_44)
FN:475,(anonymous_45)
FN:478,(anonymous_46)
FN:484,(anonymous_47)
FN:490,(anonymous_48)
FN:495,(anonymous_49)
FN:502,(anonymous_50)
FN:514,(anonymous_51)
FN:531,(anonymous_52)
FN:537,(anonymous_53)
FN:544,(anonymous_54)
FN:547,(anonymous_55)
FN:556,(anonymous_56)
FN:566,(anonymous_57)
FN:574,(anonymous_58)
FN:589,(anonymous_59)
FN:592,(anonymous_60)
FN:602,(anonymous_61)
FN:608,(anonymous_62)
FN:615,(anonymous_63)
FN:624,(anonymous_64)
FN:632,(anonymous_65)
FN:646,(anonymous_66)
FN:649,(anonymous_67)
FN:658,(anonymous_68)
FN:673,(anonymous_69)
FN:678,(anonymous_70)
FN:683,(anonymous_71)
FN:688,(anonymous_72)
FN:690,(anonymous_73)
FN:695,(anonymous_74)
FN:703,(anonymous_75)
FN:708,(anonymous_76)
FN:711,(anonymous_77)
FN:717,(anonymous_78)
FN:726,(anonymous_79)
FN:734,(anonymous_80)
FN:739,(anonymous_81)
FN:742,(anonymous_82)
FN:745,(anonymous_83)
FN:751,(anonymous_84)
FN:757,(anonymous_85)
FN:762,(anonymous_86)
FN:769,(anonymous_87)
FN:776,(anonymous_88)
FN:786,(anonymous_89)
FN:795,(anonymous_90)
FN:802,(anonymous_91)
FN:811,(anonymous_92)
FN:822,(anonymous_93)
FN:832,(anonymous_94)
FN:839,(anonymous_95)
FN:846,(anonymous_96)
FN:854,(anonymous_97)
FN:863,(anonymous_98)
FN:869,(anonymous_99)
FN:876,(anonymous_100)
FN:884,(anonymous_101)
FN:893,(anonymous_102)
FN:899,(anonymous_103)
FN:909,(anonymous_104)
FN:926,(anonymous_105)
FN:929,(anonymous_106)
FN:952,(anonymous_107)
FN:978,(anonymous_108)
FN:981,(anonymous_109)
FN:988,(anonymous_110)
FN:995,(anonymous_111)
FN:998,(anonymous_112)
FN:1006,(anonymous_113)
FN:1017,(anonymous_114)
FN:1024,(anonymous_115)
FN:1027,(anonymous_116)
FN:1032,(anonymous_117)
FN:1041,(anonymous_118)
FN:1048,(anonymous_119)
FN:1060,(anonymous_120)
FN:1063,(anonymous_121)
FN:1072,(anonymous_122)
FN:1080,(anonymous_123)
FN:1087,(anonymous_124)
FN:1094,(anonymous_125)
FN:1108,(anonymous_126)
FN:1123,(anonymous_127)
FN:1132,(anonymous_128)
FN:1135,(anonymous_129)
FN:1145,(anonymous_130)
FN:1151,(anonymous_131)
FN:1158,(anonymous_132)
FN:1161,(anonymous_133)
FN:1169,(anonymous_134)
FN:1177,(anonymous_135)
FN:1182,(anonymous_136)
FN:1188,(anonymous_137)
FN:1196,(anonymous_138)
FN:1199,(anonymous_139)
FN:1206,(anonymous_140)
FN:1213,(anonymous_141)
FN:1219,(anonymous_142)
FN:1228,(anonymous_143)
FN:1236,(anonymous_144)
FN:1241,(anonymous_145)
FN:1244,(anonymous_146)
FN:1250,(anonymous_147)
FN:1259,(anonymous_148)
FN:1264,(anonymous_149)
FN:1269,(anonymous_150)
FN:1274,(anonymous_151)
FN:1277,(anonymous_152)
FN:1282,(anonymous_153)
FN:1285,(anonymous_154)
FN:1292,(anonymous_155)
FN:1304,(anonymous_156)
FN:1318,(anonymous_157)
FN:1321,(anonymous_158)
FN:1327,(anonymous_159)
FN:1336,(anonymous_160)
FN:1341,(anonymous_161)
FN:1343,(anonymous_162)
FN:1349,(anonymous_163)
FN:1355,(anonymous_164)
FN:1361,(anonymous_165)
FN:1366,(anonymous_166)
FN:1380,(anonymous_167)
FN:1415,(anonymous_168)
FN:1418,(anonymous_169)
FN:1424,(anonymous_170)
FN:1431,(anonymous_171)
FN:1438,(anonymous_172)
FN:1448,(anonymous_173)
FN:1454,(anonymous_174)
FN:1457,(anonymous_175)
FN:1465,(anonymous_176)
FN:1474,(anonymous_177)
FN:1480,(anonymous_178)
FN:1489,(anonymous_179)
FN:1499,(anonymous_180)
FN:1504,(anonymous_181)
FN:1509,(anonymous_182)
FN:1512,(anonymous_183)
FN:1517,(anonymous_184)
FN:1525,(anonymous_185)
FN:1528,(anonymous_186)
FN:1531,(anonymous_187)
FN:1534,(anonymous_188)
FN:1537,(anonymous_189)
FN:1543,(anonymous_190)
FN:1548,(anonymous_191)
FN:1551,(anonymous_192)
FN:1557,(anonymous_193)
FN:1566,(anonymous_194)
FN:1574,(anonymous_195)
FN:1579,(anonymous_196)
FN:1582,(anonymous_197)
FN:1588,(anonymous_198)
FN:1597,(anonymous_199)
FNF:200
FNH:199
FNDA:7,(anonymous_0)
FNDA:205,handleResponse
FNDA:1,(anonymous_2)
FNDA:202,fetchApi
FNDA:3,fetchAuth
FNDA:1,(anonymous_5)
FNDA:1,(anonymous_6)
FNDA:1,(anonymous_7)
FNDA:1,(anonymous_8)
FNDA:5,(anonymous_9)
FNDA:2,(anonymous_10)
FNDA:1,(anonymous_11)
FNDA:1,(anonymous_12)
FNDA:1,(anonymous_13)
FNDA:1,(anonymous_14)
FNDA:1,(anonymous_15)
FNDA:1,(anonymous_16)
FNDA:1,(anonymous_17)
FNDA:1,(anonymous_18)
FNDA:1,(anonymous_19)
FNDA:1,(anonymous_20)
FNDA:1,(anonymous_21)
FNDA:1,(anonymous_22)
FNDA:1,(anonymous_23)
FNDA:1,(anonymous_24)
FNDA:1,(anonymous_25)
FNDA:1,(anonymous_26)
FNDA:1,(anonymous_27)
FNDA:1,(anonymous_28)
FNDA:1,(anonymous_29)
FNDA:1,(anonymous_30)
FNDA:1,(anonymous_31)
FNDA:1,(anonymous_32)
FNDA:1,(anonymous_33)
FNDA:1,(anonymous_34)
FNDA:1,(anonymous_35)
FNDA:1,(anonymous_36)
FNDA:2,(anonymous_37)
FNDA:1,(anonymous_38)
FNDA:1,(anonymous_39)
FNDA:1,(anonymous_40)
FNDA:1,(anonymous_41)
FNDA:1,(anonymous_42)
FNDA:1,(anonymous_43)
FNDA:1,(anonymous_44)
FNDA:1,(anonymous_45)
FNDA:1,(anonymous_46)
FNDA:1,(anonymous_47)
FNDA:1,(anonymous_48)
FNDA:1,(anonymous_49)
FNDA:1,(anonymous_50)
FNDA:2,(anonymous_51)
FNDA:1,(anonymous_52)
FNDA:1,(anonymous_53)
FNDA:1,(anonymous_54)
FNDA:1,(anonymous_55)
FNDA:1,(anonymous_56)
FNDA:1,(anonymous_57)
FNDA:2,(anonymous_58)
FNDA:1,(anonymous_59)
FNDA:2,(anonymous_60)
FNDA:1,(anonymous_61)
FNDA:1,(anonymous_62)
FNDA:1,(anonymous_63)
FNDA:1,(anonymous_64)
FNDA:2,(anonymous_65)
FNDA:1,(anonymous_66)
FNDA:1,(anonymous_67)
FNDA:1,(anonymous_68)
FNDA:1,(anonymous_69)
FNDA:1,(anonymous_70)
FNDA:1,(anonymous_71)
FNDA:1,(anonymous_72)
FNDA:1,(anonymous_73)
FNDA:1,(anonymous_74)
FNDA:1,(anonymous_75)
FNDA:0,(anonymous_76)
FNDA:1,(anonymous_77)
FNDA:1,(anonymous_78)
FNDA:1,(anonymous_79)
FNDA:1,(anonymous_80)
FNDA:1,(anonymous_81)
FNDA:1,(anonymous_82)
FNDA:1,(anonymous_83)
FNDA:1,(anonymous_84)
FNDA:1,(anonymous_85)
FNDA:1,(anonymous_86)
FNDA:1,(anonymous_87)
FNDA:1,(anonymous_88)
FNDA:1,(anonymous_89)
FNDA:1,(anonymous_90)
FNDA:1,(anonymous_91)
FNDA:1,(anonymous_92)
FNDA:1,(anonymous_93)
FNDA:1,(anonymous_94)
FNDA:1,(anonymous_95)
FNDA:1,(anonymous_96)
FNDA:1,(anonymous_97)
FNDA:1,(anonymous_98)
FNDA:1,(anonymous_99)
FNDA:1,(anonymous_100)
FNDA:1,(anonymous_101)
FNDA:1,(anonymous_102)
FNDA:1,(anonymous_103)
FNDA:2,(anonymous_104)
FNDA:1,(anonymous_105)
FNDA:3,(anonymous_106)
FNDA:2,(anonymous_107)
FNDA:1,(anonymous_108)
FNDA:1,(anonymous_109)
FNDA:1,(anonymous_110)
FNDA:1,(anonymous_111)
FNDA:1,(anonymous_112)
FNDA:1,(anonymous_113)
FNDA:1,(anonymous_114)
FNDA:1,(anonymous_115)
FNDA:1,(anonymous_116)
FNDA:1,(anonymous_117)
FNDA:1,(anonymous_118)
FNDA:1,(anonymous_119)
FNDA:1,(anonymous_120)
FNDA:1,(anonymous_121)
FNDA:1,(anonymous_122)
FNDA:1,(anonymous_123)
FNDA:1,(anonymous_124)
FNDA:1,(anonymous_125)
FNDA:1,(anonymous_126)
FNDA:1,(anonymous_127)
FNDA:1,(anonymous_128)
FNDA:1,(anonymous_129)
FNDA:1,(anonymous_130)
FNDA:1,(anonymous_131)
FNDA:1,(anonymous_132)
FNDA:1,(anonymous_133)
FNDA:1,(anonymous_134)
FNDA:1,(anonymous_135)
FNDA:1,(anonymous_136)
FNDA:2,(anonymous_137)
FNDA:1,(anonymous_138)
FNDA:1,(anonymous_139)
FNDA:1,(anonymous_140)
FNDA:1,(anonymous_141)
FNDA:1,(anonymous_142)
FNDA:1,(anonymous_143)
FNDA:1,(anonymous_144)
FNDA:1,(anonymous_145)
FNDA:1,(anonymous_146)
FNDA:1,(anonymous_147)
FNDA:1,(anonymous_148)
FNDA:1,(anonymous_149)
FNDA:1,(anonymous_150)
FNDA:1,(anonymous_151)
FNDA:1,(anonymous_152)
FNDA:1,(anonymous_153)
FNDA:1,(anonymous_154)
FNDA:1,(anonymous_155)
FNDA:2,(anonymous_156)
FNDA:1,(anonymous_157)
FNDA:1,(anonymous_158)
FNDA:1,(anonymous_159)
FNDA:1,(anonymous_160)
FNDA:1,(anonymous_161)
FNDA:1,(anonymous_162)
FNDA:1,(anonymous_163)
FNDA:1,(anonymous_164)
FNDA:1,(anonymous_165)
FNDA:1,(anonymous_166)
FNDA:1,(anonymous_167)
FNDA:1,(anonymous_168)
FNDA:1,(anonymous_169)
FNDA:1,(anonymous_170)
FNDA:1,(anonymous_171)
FNDA:1,(anonymous_172)
FNDA:1,(anonymous_173)
FNDA:1,(anonymous_174)
FNDA:1,(anonymous_175)
FNDA:1,(anonymous_176)
FNDA:1,(anonymous_177)
FNDA:2,(anonymous_178)
FNDA:1,(anonymous_179)
FNDA:1,(anonymous_180)
FNDA:1,(anonymous_181)
FNDA:1,(anonymous_182)
FNDA:1,(anonymous_183)
FNDA:1,(anonymous_184)
FNDA:1,(anonymous_185)
FNDA:1,(anonymous_186)
FNDA:1,(anonymous_187)
FNDA:1,(anonymous_188)
FNDA:1,(anonymous_189)
FNDA:1,(anonymous_190)
FNDA:1,(anonymous_191)
FNDA:1,(anonymous_192)
FNDA:1,(anonymous_193)
FNDA:1,(anonymous_194)
FNDA:1,(anonymous_195)
FNDA:1,(anonymous_196)
FNDA:1,(anonymous_197)
FNDA:1,(anonymous_198)
FNDA:1,(anonymous_199)
DA:187,213
DA:191,7
DA:194,7
DA:195,7
DA:200,205
DA:201,1
DA:202,1
DA:205,204
DA:206,2
DA:209,2
DA:212,202
DA:219,202
DA:228,202
DA:235,3
DA:244,3
DA:248,213
DA:249,1
DA:252,1
DA:257,1
DA:262,1
DA:266,213
DA:268,5
DA:269,3
DA:272,2
DA:275,1
DA:281,1
DA:286,1
DA:291,1
DA:296,1
DA:299,1
DA:302,1
DA:308,1
DA:313,1
DA:316,1
DA:319,1
DA:324,213
DA:326,1
DA:327,1
DA:331,1
DA:334,1
DA:343,1
DA:349,1
DA:354,1
DA:357,1
DA:364,1
DA:373,1
DA:379,213
DA:381,1
DA:382,1
DA:386,1
DA:391,1
DA:400,1
DA:406,1
DA:411,1
DA:418,1
DA:424,1
DA:428,213
DA:430,2
DA:431,2
DA:432,2
DA:436,1
DA:439,1
DA:445,1
DA:451,1
DA:456,1
DA:461,1
DA:464,1
DA:469,213
DA:471,1
DA:472,1
DA:476,1
DA:479,1
DA:485,1
DA:491,1
DA:496,1
DA:499,1
DA:506,1
DA:513,213
DA:519,2
DA:520,2
DA:521,2
DA:522,1
DA:523,2
DA:525,2
DA:526,2
DA:527,2
DA:528,2
DA:532,1
DA:536,213
DA:538,1
DA:541,1
DA:545,1
DA:551,1
DA:561,1
DA:567,1
DA:573,213
DA:578,2
DA:579,2
DA:580,2
DA:581,1
DA:583,2
DA:584,2
DA:585,2
DA:586,2
DA:590,1
DA:596,2
DA:599,2
DA:603,1
DA:607,213
DA:609,1
DA:612,1
DA:619,1
DA:625,1
DA:631,213
DA:636,2
DA:637,2
DA:638,2
DA:640,2
DA:641,2
DA:642,2
DA:643,2
DA:647,1
DA:650,1
DA:657,213
DA:661,1
DA:662,1
DA:663,1
DA:664,1
DA:665,1
DA:672,213
DA:674,1
DA:675,1
DA:679,1
DA:680,1
DA:684,1
DA:685,1
DA:688,1
DA:691,1
DA:696,1
DA:702,213
DA:704,1
DA:705,1
DA:709,0
DA:712,1
DA:721,1
DA:727,1
DA:733,213
DA:735,1
DA:736,1
DA:740,1
DA:743,1
DA:746,1
DA:752,1
DA:758,1
DA:763,1
DA:770,1
DA:773,1
DA:781,1
DA:790,1
DA:796,1
DA:799,1
DA:806,1
DA:815,1
DA:823,1
DA:830,213
DA:833,1
DA:836,1
DA:842,1
DA:849,1
DA:858,1
DA:864,1
DA:870,1
DA:873,1
DA:879,1
DA:888,1
DA:894,1
DA:900,1
DA:903,1
DA:908,213
DA:910,2
DA:911,2
DA:912,2
DA:913,1
DA:914,2
DA:915,2
DA:916,2
DA:917,2
DA:918,2
DA:919,2
DA:921,2
DA:922,2
DA:923,2
DA:927,1
DA:930,3
DA:931,3
DA:932,3
DA:933,0
DA:934,3
DA:935,3
DA:936,3
DA:937,3
DA:939,3
DA:940,3
DA:943,3
DA:946,3
DA:947,1
DA:949,2
DA:953,2
DA:954,2
DA:955,2
DA:956,0
DA:957,2
DA:958,2
DA:959,2
DA:960,2
DA:962,2
DA:963,2
DA:966,2
DA:969,2
DA:970,1
DA:972,1
DA:977,213
DA:979,1
DA:982,1
DA:985,1
DA:989,1
DA:992,1
DA:996,1
DA:1002,1
DA:1010,1
DA:1016,213
DA:1018,1
DA:1021,1
DA:1025,1
DA:1028,1
DA:1036,1
DA:1042,1
DA:1045,1
DA:1052,1
DA:1061,1
DA:1067,1
DA:1073,1
DA:1079,213
DA:1081,1
DA:1084,1
DA:1088,1
DA:1091,1
DA:1098,1
DA:1105,1
DA:1113,1
DA:1120,1
DA:1124,1
DA:1133,1
DA:1139,1
DA:1146,1
DA:1150,213
DA:1152,1
DA:1155,1
DA:1159,1
DA:1164,1
DA:1173,1
DA:1178,1
DA:1183,1
DA:1187,213
DA:1189,2
DA:1192,2
DA:1193,2
DA:1197,1
DA:1200,1
DA:1203,1
DA:1207,1
DA:1210,1
DA:1214,1
DA:1223,1
DA:1229,1
DA:1235,213
DA:1237,1
DA:1238,1
DA:1242,1
DA:1245,1
DA:1254,1
DA:1260,1
DA:1265,1
DA:1270,1
DA:1275,1
DA:1278,1
DA:1283,1
DA:1286,1
DA:1289,1
DA:1296,1
DA:1303,213
DA:1308,2
DA:1309,2
DA:1310,2
DA:1312,2
DA:1313,2
DA:1314,2
DA:1315,2
DA:1319,1
DA:1322,1
DA:1328,1
DA:1335,213
DA:1337,1
DA:1338,1
DA:1341,1
DA:1344,1
DA:1350,1
DA:1356,1
DA:1362,1
DA:1363,1
DA:1370,1
DA:1374,1
DA:1379,213
DA:1381,1
DA:1382,1
DA:1384,1
DA:1385,1
DA:1387,1
DA:1388,1
DA:1390,1
DA:1391,1
DA:1393,1
DA:1394,1
DA:1396,1
DA:1397,1
DA:1399,1
DA:1400,1
DA:1402,1
DA:1403,1
DA:1405,1
DA:1406,1
DA:1409,1
DA:1414,213
DA:1416,1
DA:1422,1
DA:1425,1
DA:1428,1
DA:1432,1
DA:1435,1
DA:1439,1
DA:1442,1
DA:1446,213
DA:1450,1
DA:1451,1
DA:1455,1
DA:1460,1
DA:1469,1
DA:1475,1
DA:1484,2
DA:1493,1
DA:1500,1
DA:1501,1
DA:1505,1
DA:1508,213
DA:1510,1
DA:1513,1
DA:1518,1
DA:1524,213
DA:1526,1
DA:1529,1
DA:1532,1
DA:1535,1
DA:1538,1
DA:1542,213
DA:1544,1
DA:1545,1
DA:1549,1
DA:1552,1
DA:1561,1
DA:1567,1
DA:1573,213
DA:1575,1
DA:1576,1
DA:1580,1
DA:1583,1
DA:1592,1
DA:1598,1
LF:377
LH:374
BRDA:200,0,0,1
BRDA:200,0,1,204
BRDA:205,1,0,2
BRDA:205,1,1,202
BRDA:217,2,0,202
BRDA:233,3,0,3
BRDA:269,4,0,3
BRDA:269,4,1,1
BRDA:306,5,0,1
BRDA:319,6,0,1
BRDA:319,6,1,0
BRDA:327,7,0,1
BRDA:327,7,1,0
BRDA:357,8,0,1
BRDA:357,8,1,0
BRDA:382,9,0,1
BRDA:382,9,1,0
BRDA:430,10,0,1
BRDA:430,10,1,1
BRDA:432,11,0,2
BRDA:432,11,1,0
BRDA:464,12,0,1
BRDA:464,12,1,0
BRDA:472,13,0,1
BRDA:472,13,1,0
BRDA:499,14,0,1
BRDA:499,14,1,0
BRDA:520,15,0,1
BRDA:520,15,1,1
BRDA:521,16,0,1
BRDA:521,16,1,1
BRDA:523,17,0,1
BRDA:523,17,1,1
BRDA:526,18,0,1
BRDA:526,18,1,1
BRDA:528,19,0,2
BRDA:528,19,1,0
BRDA:541,20,0,1
BRDA:541,20,1,0
BRDA:579,21,0,1
BRDA:579,21,1,1
BRDA:580,22,0,1
BRDA:580,22,1,1
BRDA:584,23,0,1
BRDA:584,23,1,1
BRDA:586,24,0,2
BRDA:586,24,1,0
BRDA:596,25,0,1
BRDA:596,25,1,1
BRDA:612,26,0,1
BRDA:612,26,1,0
BRDA:637,27,0,1
BRDA:637,27,1,1
BRDA:638,28,0,1
BRDA:638,28,1,1
BRDA:641,29,0,1
BRDA:641,29,1,1
BRDA:643,30,0,2
BRDA:643,30,1,0
BRDA:675,31,0,1
BRDA:675,31,1,0
BRDA:680,32,0,1
BRDA:680,32,1,0
BRDA:705,33,0,1
BRDA:705,33,1,0
BRDA:736,34,0,1
BRDA:736,34,1,0
BRDA:773,35,0,1
BRDA:773,35,1,0
BRDA:799,36,0,1
BRDA:799,36,1,0
BRDA:836,37,0,1
BRDA:836,37,1,0
BRDA:873,38,0,1
BRDA:873,38,1,0
BRDA:903,39,0,1
BRDA:903,39,1,0
BRDA:911,40,0,1
BRDA:911,40,1,1
BRDA:912,41,0,1
BRDA:912,41,1,1
BRDA:914,42,0,1
BRDA:914,42,1,1
BRDA:915,43,0,1
BRDA:915,43,1,1
BRDA:916,44,0,1
BRDA:916,44,1,1
BRDA:917,45,0,1
BRDA:917,45,1,1
BRDA:918,46,0,1
BRDA:918,46,1,1
BRDA:919,47,0,1
BRDA:919,47,1,1
BRDA:922,48,0,1
BRDA:922,48,1,1
BRDA:931,49,0,1
BRDA:931,49,1,2
BRDA:932,50,0,0
BRDA:932,50,1,3
BRDA:934,51,0,0
BRDA:934,51,1,3
BRDA:935,52,0,0
BRDA:935,52,1,3
BRDA:936,53,0,0
BRDA:936,53,1,3
BRDA:937,54,0,0
BRDA:937,54,1,3
BRDA:940,55,0,1
BRDA:940,55,1,2
BRDA:946,56,0,1
BRDA:946,56,1,2
BRDA:954,57,0,0
BRDA:954,57,1,2
BRDA:955,58,0,0
BRDA:955,58,1,2
BRDA:957,59,0,0
BRDA:957,59,1,2
BRDA:958,60,0,0
BRDA:958,60,1,2
BRDA:959,61,0,0
BRDA:959,61,1,2
BRDA:960,62,0,0
BRDA:960,62,1,2
BRDA:963,63,0,0
BRDA:963,63,1,2
BRDA:969,64,0,1
BRDA:969,64,1,1
BRDA:981,65,0,1
BRDA:985,66,0,1
BRDA:985,66,1,0
BRDA:992,67,0,1
BRDA:992,67,1,0
BRDA:1000,68,0,1
BRDA:1008,69,0,1
BRDA:1021,70,0,1
BRDA:1021,70,1,0
BRDA:1045,71,0,1
BRDA:1045,71,1,0
BRDA:1084,72,0,1
BRDA:1084,72,1,0
BRDA:1155,73,0,1
BRDA:1155,73,1,0
BRDA:1189,74,0,1
BRDA:1189,74,1,1
BRDA:1193,75,0,2
BRDA:1193,75,1,0
BRDA:1203,76,0,1
BRDA:1203,76,1,0
BRDA:1210,77,0,1
BRDA:1210,77,1,0
BRDA:1238,78,0,1
BRDA:1238,78,1,0
BRDA:1289,79,0,1
BRDA:1289,79,1,0
BRDA:1309,80,0,1
BRDA:1309,80,1,1
BRDA:1310,81,0,1
BRDA:1310,81,1,1
BRDA:1313,82,0,1
BRDA:1313,82,1,1
BRDA:1315,83,0,2
BRDA:1315,83,1,0
BRDA:1338,84,0,1
BRDA:1338,84,1,0
BRDA:1363,85,0,1
BRDA:1363,85,1,0
BRDA:1374,86,0,1
BRDA:1374,86,1,0
BRDA:1384,87,0,1
BRDA:1384,87,1,0
BRDA:1387,88,0,1
BRDA:1387,88,1,0
BRDA:1390,89,0,1
BRDA:1390,89,1,0
BRDA:1393,90,0,1
BRDA:1393,90,1,0
BRDA:1396,91,0,1
BRDA:1396,91,1,0
BRDA:1399,92,0,1
BRDA:1399,92,1,0
BRDA:1402,93,0,1
BRDA:1402,93,1,0
BRDA:1405,94,0,1
BRDA:1405,94,1,0
BRDA:1424,95,0,1
BRDA:1428,96,0,1
BRDA:1428,96,1,0
BRDA:1431,97,0,1
BRDA:1435,98,0,1
BRDA:1435,98,1,0
BRDA:1438,99,0,1
BRDA:1442,100,0,1
BRDA:1442,100,1,0
BRDA:1451,101,0,1
BRDA:1451,101,1,0
BRDA:1482,102,0,2
BRDA:1491,103,0,1
BRDA:1501,104,0,1
BRDA:1501,104,1,0
BRDA:1534,105,0,1
BRDA:1537,106,0,1
BRDA:1545,107,0,1
BRDA:1545,107,1,0
BRDA:1576,108,0,1
BRDA:1576,108,1,0
BRF:205
BRH:141
end_of_record
TN:
SF:src/lib/constants.ts
FNF:0
FNH:0
DA:2,1
DA:45,1
LF:2
LH:2
BRF:0
BRH:0
end_of_record
TN:
SF:src/lib/i18n.ts
FNF:0
FNH:0
DA:9,0
DA:12,0
DA:18,0
DA:24,0
DA:30,0
LF:5
LH:0
BRF:0
BRH:0
end_of_record
TN:
SF:src/lib/types.ts
FNF:0
FNH:0
LF:0
LH:0
BRF:0
BRH:0
end_of_record
TN:
SF:src/lib/utils.ts
FN:2,formatRelativeTime
FN:31,formatDate
FN:55,formatDateTime
FN:69,formatBytes
FN:82,formatDuration
FN:101,truncateSnapshotId
FN:107,getAgentStatusColor
FN:134,getBackupStatusColor
FN:161,getRepositoryTypeBadge
FN:183,getAlertSeverityColor
FN:221,getAlertStatusColor
FN:246,getAlertTypeLabel
FN:264,getAuditActionColor
FN:290,getAuditResultColor
FN:315,formatAuditAction
FN:319,formatResourceType
FN:322,(anonymous_16)
FN:327,formatDedupRatio
FN:333,formatPercent
FN:339,getDedupRatioColor
FN:347,getSpaceSavedColor
FN:355,formatChartDate
FN:364,formatDurationMs
FN:378,getSuccessRateColor
FN:386,getSuccessRateBadge
FN:397,getHealthStatusColor
FN:436,getHealthStatusLabel
FN:450,formatUptime
FN:463,formatCurrency
FN:474,formatCurrencyCompact
FN:488,getCostColor
FNF:31
FNH:31
FNDA:11,formatRelativeTime
FNDA:73,formatDate
FNDA:37,formatDateTime
FNDA:40,formatBytes
FNDA:4,formatDuration
FNDA:11,truncateSnapshotId
FNDA:26,getAgentStatusColor
FNDA:13,getBackupStatusColor
FNDA:22,getRepositoryTypeBadge
FNDA:13,getAlertSeverityColor
FNDA:13,getAlertStatusColor
FNDA:15,getAlertTypeLabel
FNDA:11,getAuditActionColor
FNDA:6,getAuditResultColor
FNDA:4,formatAuditAction
FNDA:5,formatResourceType
FNDA:7,(anonymous_16)
FNDA:9,formatDedupRatio
FNDA:7,formatPercent
FNDA:10,getDedupRatioColor
FNDA:10,getSpaceSavedColor
FNDA:3,formatChartDate
FNDA:5,formatDurationMs
FNDA:4,getSuccessRateColor
FNDA:4,getSuccessRateBadge
FNDA:15,getHealthStatusColor
FNDA:15,getHealthStatusLabel
FNDA:5,formatUptime
FNDA:44,formatCurrency
FNDA:3,formatCurrencyCompact
FNDA:5,getCostColor
DA:3,11
DA:5,10
DA:6,10
DA:7,10
DA:8,10
DA:9,10
DA:10,10
DA:11,10
DA:12,10
DA:13,10
DA:15,10
DA:16,8
DA:17,8
DA:18,6
DA:19,6
DA:20,4
DA:21,4
DA:23,2
DA:32,73
DA:34,59
DA:35,59
DA:36,59
DA:37,59
DA:38,59
DA:39,59
DA:40,59
DA:42,59
DA:43,58
DA:44,57
DA:45,56
DA:47,55
DA:56,37
DA:58,36
DA:59,36
DA:70,40
DA:71,21
DA:73,19
DA:74,19
DA:75,19
DA:76,19
DA:78,19
DA:86,4
DA:88,3
DA:89,3
DA:90,3
DA:91,3
DA:92,3
DA:93,3
DA:95,3
DA:96,2
DA:97,1
DA:102,11
DA:103,10
DA:112,26
DA:114,16
DA:120,7
DA:122,1
DA:128,1
DA:130,1
DA:139,13
DA:141,8
DA:147,1
DA:153,2
DA:155,1
DA:157,1
DA:165,22
DA:167,8
DA:169,4
DA:171,1
DA:173,2
DA:175,1
DA:177,1
DA:179,5
DA:189,13
DA:191,7
DA:198,2
DA:205,3
DA:212,1
DA:226,13
DA:228,8
DA:230,2
DA:236,2
DA:242,1
DA:247,15
DA:249,1
DA:251,1
DA:253,1
DA:255,1
DA:257,1
DA:259,10
DA:268,11
DA:270,2
DA:272,1
DA:274,1
DA:276,1
DA:278,2
DA:280,1
DA:282,1
DA:284,1
DA:286,1
DA:295,6
DA:297,3
DA:303,1
DA:305,1
DA:311,1
DA:316,4
DA:320,5
DA:322,7
DA:328,9
DA:329,3
DA:334,7
DA:335,3
DA:340,10
DA:341,9
DA:342,6
DA:343,5
DA:348,10
DA:349,9
DA:350,6
DA:351,5
DA:356,3
DA:357,3
DA:365,5
DA:366,4
DA:368,3
DA:369,3
DA:370,3
DA:372,3
DA:373,2
DA:374,1
DA:379,4
DA:380,3
DA:381,2
DA:382,1
DA:390,4
DA:391,3
DA:392,2
DA:393,1
DA:403,15
DA:405,1
DA:412,1
DA:419,1
DA:426,12
DA:437,15
DA:439,1
DA:441,1
DA:443,1
DA:445,12
DA:451,5
DA:453,3
DA:454,3
DA:455,3
DA:457,3
DA:458,2
DA:459,1
DA:464,44
DA:465,27
DA:475,3
DA:476,2
DA:477,1
DA:479,1
DA:489,5
DA:490,4
DA:491,2
DA:492,1
LF:165
LH:165
BRDA:3,0,0,1
BRDA:3,0,1,10
BRDA:15,1,0,2
BRDA:15,1,1,8
BRDA:15,2,0,1
BRDA:15,2,1,1
BRDA:16,3,0,2
BRDA:16,3,1,6
BRDA:17,4,0,1
BRDA:17,4,1,1
BRDA:18,5,0,2
BRDA:18,5,1,4
BRDA:19,6,0,1
BRDA:19,6,1,1
BRDA:20,7,0,2
BRDA:20,7,1,2
BRDA:21,8,0,1
BRDA:21,8,1,1
BRDA:26,9,0,1
BRDA:26,9,1,1
BRDA:32,10,0,14
BRDA:32,10,1,59
BRDA:42,11,0,1
BRDA:42,11,1,58
BRDA:43,12,0,1
BRDA:43,12,1,57
BRDA:44,13,0,1
BRDA:44,13,1,56
BRDA:45,14,0,1
BRDA:45,14,1,55
BRDA:50,15,0,54
BRDA:50,15,1,1
BRDA:56,16,0,1
BRDA:56,16,1,36
BRDA:70,17,0,19
BRDA:70,17,1,21
BRDA:70,18,0,40
BRDA:70,18,1,22
BRDA:71,19,0,2
BRDA:71,19,1,19
BRDA:78,20,0,18
BRDA:78,20,1,1
BRDA:86,21,0,1
BRDA:86,21,1,3
BRDA:95,22,0,1
BRDA:95,22,1,2
BRDA:96,23,0,1
BRDA:96,23,1,1
BRDA:102,24,0,1
BRDA:102,24,1,10
BRDA:112,25,0,16
BRDA:112,25,1,7
BRDA:112,25,2,1
BRDA:112,25,3,1
BRDA:112,25,4,1
BRDA:139,26,0,8
BRDA:139,26,1,1
BRDA:139,26,2,2
BRDA:139,26,3,1
BRDA:139,26,4,1
BRDA:165,27,0,8
BRDA:165,27,1,4
BRDA:165,27,2,1
BRDA:165,27,3,2
BRDA:165,27,4,1
BRDA:165,27,5,1
BRDA:165,27,6,5
BRDA:189,28,0,7
BRDA:189,28,1,2
BRDA:189,28,2,3
BRDA:189,28,3,1
BRDA:226,29,0,8
BRDA:226,29,1,2
BRDA:226,29,2,2
BRDA:226,29,3,1
BRDA:247,30,0,1
BRDA:247,30,1,1
BRDA:247,30,2,1
BRDA:247,30,3,1
BRDA:247,30,4,1
BRDA:247,30,5,10
BRDA:268,31,0,2
BRDA:268,31,1,1
BRDA:268,31,2,1
BRDA:268,31,3,1
BRDA:268,31,4,2
BRDA:268,31,5,1
BRDA:268,31,6,1
BRDA:268,31,7,1
BRDA:268,31,8,1
BRDA:295,32,0,3
BRDA:295,32,1,1
BRDA:295,32,2,1
BRDA:295,32,3,1
BRDA:328,33,0,6
BRDA:328,33,1,3
BRDA:328,34,0,9
BRDA:328,34,1,4
BRDA:328,34,2,4
BRDA:334,35,0,4
BRDA:334,35,1,3
BRDA:334,36,0,7
BRDA:334,36,1,3
BRDA:340,37,0,1
BRDA:340,37,1,9
BRDA:341,38,0,3
BRDA:341,38,1,6
BRDA:342,39,0,1
BRDA:342,39,1,5
BRDA:348,40,0,1
BRDA:348,40,1,9
BRDA:349,41,0,3
BRDA:349,41,1,6
BRDA:350,42,0,1
BRDA:350,42,1,5
BRDA:365,43,0,1
BRDA:365,43,1,4
BRDA:365,44,0,5
BRDA:365,44,1,4
BRDA:366,45,0,1
BRDA:366,45,1,3
BRDA:372,46,0,1
BRDA:372,46,1,2
BRDA:373,47,0,1
BRDA:373,47,1,1
BRDA:379,48,0,1
BRDA:379,48,1,3
BRDA:380,49,0,1
BRDA:380,49,1,2
BRDA:381,50,0,1
BRDA:381,50,1,1
BRDA:390,51,0,1
BRDA:390,51,1,3
BRDA:391,52,0,1
BRDA:391,52,1,2
BRDA:392,53,0,1
BRDA:392,53,1,1
BRDA:403,54,0,1
BRDA:403,54,1,1
BRDA:403,54,2,1
BRDA:403,54,3,12
BRDA:437,55,0,1
BRDA:437,55,1,1
BRDA:437,55,2,1
BRDA:437,55,3,12
BRDA:451,56,0,2
BRDA:451,56,1,3
BRDA:451,57,0,5
BRDA:451,57,1,3
BRDA:457,58,0,1
BRDA:457,58,1,2
BRDA:458,59,0,1
BRDA:458,59,1,1
BRDA:464,60,0,17
BRDA:464,60,1,27
BRDA:464,61,0,44
BRDA:464,61,1,27
BRDA:475,62,0,1
BRDA:475,62,1,2
BRDA:475,63,0,3
BRDA:475,63,1,2
BRDA:476,64,0,1
BRDA:476,64,1,1
BRDA:488,65,0,5
BRDA:489,66,0,1
BRDA:489,66,1,4
BRDA:490,67,0,2
BRDA:490,67,1,2
BRDA:491,68,0,1
BRDA:491,68,1,1
BRF:170
BRH:170
end_of_record
TN:
SF:src/pages/AgentDetails.tsx
FN:28,LoadingCard
FN:38,LoadingRow
FN:65,ApiKeyModal
FN:68,(anonymous_3)
FN:71,(anonymous_4)
FN:163,BackupRow
FN:200,ScheduleRow
FN:224,(anonymous_7)
FN:255,AgentDetails
FN:285,(anonymous_9)
FN:288,(anonymous_10)
FN:293,(anonymous_11)
FN:308,(anonymous_12)
FN:318,(anonymous_13)
FN:599,(anonymous_14)
FN:610,(anonymous_15)
FN:621,(anonymous_16)
FN:632,(anonymous_17)
FN:655,(anonymous_18)
FN:664,(anonymous_19)
FN:671,(anonymous_20)
FN:717,(anonymous_21)
FN:726,(anonymous_22)
FN:734,(anonymous_23)
FN:736,(anonymous_24)
FN:751,(anonymous_25)
FN:832,(anonymous_26)
FN:916,(anonymous_27)
FN:1108,(anonymous_28)
FN:1206,(anonymous_29)
FN:1234,(anonymous_30)
FN:1262,(anonymous_31)
FN:1308,(anonymous_32)
FN:1371,(anonymous_33)
FNF:34
FNH:4
FNDA:4,LoadingCard
FNDA:0,LoadingRow
FNDA:0,ApiKeyModal
FNDA:0,(anonymous_3)
FNDA:0,(anonymous_4)
FNDA:0,BackupRow
FNDA:0,ScheduleRow
FNDA:0,(anonymous_7)
FNDA:13,AgentDetails
FNDA:0,(anonymous_9)
FNDA:0,(anonymous_10)
FNDA:0,(anonymous_11)
FNDA:0,(anonymous_12)
FNDA:0,(anonymous_13)
FNDA:0,(anonymous_14)
FNDA:1,(anonymous_15)
FNDA:0,(anonymous_16)
FNDA:1,(anonymous_17)
FNDA:0,(anonymous_18)
FNDA:0,(anonymous_19)
FNDA:0,(anonymous_20)
FNDA:0,(anonymous_21)
FNDA:0,(anonymous_22)
FNDA:0,(anonymous_23)
FNDA:0,(anonymous_24)
FNDA:0,(anonymous_25)
FNDA:0,(anonymous_26)
FNDA:0,(anonymous_27)
FNDA:0,(anonymous_28)
FNDA:0,(anonymous_29)
FNDA:0,(anonymous_30)
FNDA:0,(anonymous_31)
FNDA:0,(anonymous_32)
FNDA:0,(anonymous_33)
DA:29,4
DA:39,0
DA:66,0
DA:68,0
DA:69,0
DA:70,0
DA:71,0
DA:74,0
DA:164,0
DA:166,0
DA:201,0
DA:224,0
DA:256,13
DA:257,13
DA:258,13
DA:259,13
DA:263,13
DA:264,13
DA:267,13
DA:270,13
DA:272,13
DA:275,13
DA:276,13
DA:277,13
DA:278,13
DA:280,13
DA:281,13
DA:282,13
DA:283,13
DA:285,13
DA:286,0
DA:287,0
DA:288,0
DA:293,13
DA:294,0
DA:299,0
DA:300,0
DA:301,0
DA:308,13
DA:309,0
DA:314,0
DA:318,13
DA:319,0
DA:320,0
DA:324,13
DA:325,1
DA:341,12
DA:342,1
DA:358,11
DA:359,11
DA:361,13
DA:599,0
DA:610,1
DA:621,0
DA:632,1
DA:655,0
DA:665,0
DA:672,0
DA:673,0
DA:717,0
DA:727,0
DA:734,0
DA:737,0
DA:751,0
DA:833,0
DA:917,0
DA:1110,0
DA:1113,0
DA:1207,0
DA:1209,0
DA:1214,0
DA:1235,0
DA:1237,0
DA:1242,0
DA:1263,0
DA:1265,0
DA:1270,0
DA:1309,0
DA:1310,0
DA:1371,0
LF:80
LH:31
BRDA:111,0,0,0
BRDA:111,0,1,0
BRDA:186,1,0,0
BRDA:186,1,1,0
BRDA:186,2,0,0
BRDA:186,2,1,0
BRDA:210,3,0,0
BRDA:210,3,1,0
BRDA:215,4,0,0
BRDA:215,4,1,0
BRDA:225,5,0,0
BRDA:225,5,1,0
BRDA:248,6,0,0
BRDA:248,6,1,0
BRDA:263,7,0,13
BRDA:263,7,1,0
BRDA:265,8,0,13
BRDA:265,8,1,0
BRDA:268,9,0,13
BRDA:268,9,1,0
BRDA:271,10,0,13
BRDA:271,10,1,0
BRDA:273,11,0,13
BRDA:273,11,1,0
BRDA:281,12,0,13
BRDA:281,12,1,13
BRDA:282,13,0,13
BRDA:282,13,1,13
BRDA:283,14,0,13
BRDA:283,14,1,13
BRDA:286,15,0,0
BRDA:286,15,1,0
BRDA:287,16,0,0
BRDA:287,16,1,0
BRDA:294,17,0,0
BRDA:294,17,1,0
BRDA:300,18,0,0
BRDA:300,18,1,0
BRDA:309,19,0,0
BRDA:309,19,1,0
BRDA:314,20,0,0
BRDA:314,20,1,0
BRDA:319,21,0,0
BRDA:319,21,1,0
BRDA:324,22,0,1
BRDA:324,22,1,12
BRDA:341,23,0,1
BRDA:341,23,1,11
BRDA:359,24,0,11
BRDA:359,24,1,11
BRDA:401,25,0,0
BRDA:401,25,1,11
BRDA:409,26,0,13
BRDA:409,26,1,11
BRDA:413,27,0,2
BRDA:413,27,1,9
BRDA:414,28,0,2
BRDA:414,28,1,0
BRDA:442,29,0,0
BRDA:442,29,1,11
BRDA:447,30,0,13
BRDA:447,30,1,11
BRDA:464,31,0,0
BRDA:464,31,1,11
BRDA:486,32,0,0
BRDA:486,32,1,11
BRDA:493,33,0,0
BRDA:493,33,1,11
BRDA:505,34,0,11
BRDA:505,34,1,11
BRDA:508,35,0,11
BRDA:508,35,1,11
BRDA:509,36,0,11
BRDA:509,36,1,11
BRDA:515,37,0,0
BRDA:515,37,1,11
BRDA:516,38,0,11
BRDA:516,38,1,11
BRDA:517,39,0,0
BRDA:517,39,1,11
BRDA:518,40,0,11
BRDA:518,40,1,11
BRDA:523,41,0,11
BRDA:523,41,1,11
BRDA:526,42,0,11
BRDA:526,42,1,11
BRDA:564,43,0,13
BRDA:564,43,1,9
BRDA:570,44,0,13
BRDA:570,44,1,9
BRDA:576,45,0,13
BRDA:576,45,1,9
BRDA:601,46,0,9
BRDA:601,46,1,2
BRDA:612,47,0,1
BRDA:612,47,1,10
BRDA:623,48,0,0
BRDA:623,48,1,11
BRDA:634,49,0,1
BRDA:634,49,1,10
BRDA:645,50,0,13
BRDA:645,50,1,9
BRDA:661,51,0,0
BRDA:661,51,1,9
BRDA:669,52,0,0
BRDA:669,52,1,9
BRDA:723,53,0,0
BRDA:723,53,1,9
BRDA:731,54,0,0
BRDA:731,54,1,9
BRDA:775,55,0,13
BRDA:775,55,1,1
BRDA:782,56,0,0
BRDA:782,56,1,1
BRDA:809,57,0,0
BRDA:809,57,1,1
BRDA:846,58,0,13
BRDA:846,58,1,0
BRDA:873,59,0,0
BRDA:873,59,1,0
BRDA:896,60,0,0
BRDA:896,60,1,0
BRDA:974,61,0,13
BRDA:974,61,1,1
BRDA:997,62,0,0
BRDA:997,62,1,1
BRDA:998,63,0,1
BRDA:998,63,1,1
BRDA:999,64,0,0
BRDA:999,64,1,1
BRDA:1000,65,0,1
BRDA:1000,65,1,1
BRDA:1029,66,0,0
BRDA:1029,66,1,1
BRDA:1030,67,0,1
BRDA:1030,67,1,1
BRDA:1031,68,0,0
BRDA:1031,68,1,1
BRDA:1032,69,0,1
BRDA:1032,69,1,1
BRDA:1059,70,0,0
BRDA:1059,70,1,1
BRDA:1060,71,0,1
BRDA:1060,71,1,1
BRDA:1061,72,0,0
BRDA:1061,72,1,1
BRDA:1062,73,0,1
BRDA:1062,73,1,1
BRDA:1069,74,0,1
BRDA:1069,74,1,0
BRDA:1101,75,0,1
BRDA:1101,75,1,0
BRDA:1101,75,2,0
BRDA:1110,76,0,0
BRDA:1110,76,1,0
BRDA:1154,77,0,1
BRDA:1154,77,1,1
BRDA:1161,78,0,0
BRDA:1161,78,1,1
BRDA:1166,79,0,0
BRDA:1166,79,1,1
BRDA:1173,80,0,0
BRDA:1173,80,1,1
BRDA:1178,81,0,0
BRDA:1178,81,1,1
BRDA:1189,82,0,0
BRDA:1189,82,1,1
BRDA:1193,83,0,0
BRDA:1193,83,1,1
BRDA:1207,84,0,0
BRDA:1207,84,1,0
BRDA:1209,85,0,0
BRDA:1209,85,1,0
BRDA:1211,86,0,0
BRDA:1211,86,1,0
BRDA:1235,87,0,0
BRDA:1235,87,1,0
BRDA:1237,88,0,0
BRDA:1237,88,1,0
BRDA:1239,89,0,0
BRDA:1239,89,1,0
BRDA:1263,90,0,0
BRDA:1263,90,1,0
BRDA:1265,91,0,0
BRDA:1265,91,1,0
BRDA:1267,92,0,0
BRDA:1267,92,1,0
BRDA:1370,93,0,13
BRDA:1370,93,1,0
BRF:189
BRH:100
end_of_record
TN:
SF:src/pages/AgentGroups.tsx
FN:15,LoadingRow
FN:43,CreateModal
FN:49,(anonymous_2)
FN:86,(anonymous_3)
FN:102,(anonymous_4)
FN:120,(anonymous_5)
FN:126,(anonymous_6)
FN:166,EditModal
FN:172,(anonymous_8)
FN:209,(anonymous_9)
FN:224,(anonymous_10)
FN:241,(anonymous_11)
FN:247,(anonymous_12)
FN:285,ManageMembersModal
FN:297,(anonymous_14)
FN:298,(anonymous_15)
FN:300,(anonymous_16)
FN:311,(anonymous_17)
FN:369,(anonymous_18)
FN:379,(anonymous_19)
FN:408,(anonymous_20)
FN:418,(anonymous_21)
FN:459,GroupRow
FN:496,(anonymous_23)
FN:519,(anonymous_24)
FN:520,(anonymous_25)
FN:525,(anonymous_26)
FN:535,(anonymous_27)
FN:546,(anonymous_28)
FN:564,AgentGroups
FN:573,(anonymous_30)
FN:577,(anonymous_31)
FN:594,(anonymous_32)
FN:621,(anonymous_33)
FN:680,(anonymous_34)
FN:716,(anonymous_35)
FN:727,(anonymous_36)
FN:728,(anonymous_37)
FN:735,(anonymous_38)
FN:736,(anonymous_39)
FN:744,(anonymous_40)
FNF:41
FNH:7
FNDA:3,LoadingRow
FNDA:8,CreateModal
FNDA:0,(anonymous_2)
FNDA:0,(anonymous_3)
FNDA:0,(anonymous_4)
FNDA:0,(anonymous_5)
FNDA:0,(anonymous_6)
FNDA:0,EditModal
FNDA:0,(anonymous_8)
FNDA:0,(anonymous_9)
FNDA:0,(anonymous_10)
FNDA:0,(anonymous_11)
FNDA:0,(anonymous_12)
FNDA:0,ManageMembersModal
FNDA:0,(anonymous_14)
FNDA:0,(anonymous_15)
FNDA:0,(anonymous_16)
FNDA:0,(anonymous_17)
FNDA:0,(anonymous_18)
FNDA:0,(anonymous_19)
FNDA:0,(anonymous_20)
FNDA:0,(anonymous_21)
FNDA:1,GroupRow
FNDA:0,(anonymous_23)
FNDA:0,(anonymous_24)
FNDA:0,(anonymous_25)
FNDA:0,(anonymous_26)
FNDA:0,(anonymous_27)
FNDA:0,(anonymous_28)
FNDA:8,AgentGroups
FNDA:1,(anonymous_30)
FNDA:0,(anonymous_31)
FNDA:1,(anonymous_32)
FNDA:0,(anonymous_33)
FNDA:1,(anonymous_34)
FNDA:0,(anonymous_35)
FNDA:0,(anonymous_36)
FNDA:0,(anonymous_37)
FNDA:0,(anonymous_38)
FNDA:0,(anonymous_39)
FNDA:0,(anonymous_40)
DA:16,3
DA:44,8
DA:45,8
DA:46,8
DA:47,8
DA:49,8
DA:50,0
DA:51,0
DA:52,0
DA:57,0
DA:58,0
DA:59,0
DA:60,0
DA:66,8
DA:68,1
DA:86,0
DA:102,0
DA:120,0
DA:126,0
DA:167,0
DA:168,0
DA:169,0
DA:170,0
DA:172,0
DA:173,0
DA:174,0
DA:175,0
DA:183,0
DA:189,0
DA:191,0
DA:209,0
DA:224,0
DA:241,0
DA:247,0
DA:290,0
DA:293,0
DA:294,0
DA:295,0
DA:297,0
DA:298,0
DA:300,0
DA:301,0
DA:302,0
DA:311,0
DA:312,0
DA:313,0
DA:314,0
DA:324,0
DA:326,0
DA:370,0
DA:379,0
DA:409,0
DA:418,0
DA:466,1
DA:468,1
DA:496,0
DA:519,0
DA:520,0
DA:526,0
DA:527,0
DA:536,0
DA:537,0
DA:547,0
DA:548,0
DA:565,8
DA:566,8
DA:567,8
DA:568,8
DA:570,8
DA:571,8
DA:573,8
DA:574,1
DA:577,8
DA:578,0
DA:579,0
DA:583,8
DA:594,1
DA:621,0
DA:681,1
DA:716,0
DA:727,0
DA:728,0
DA:735,0
DA:736,0
DA:744,0
LF:85
LH:22
BRDA:54,0,0,0
BRDA:54,0,1,0
BRDA:66,1,0,7
BRDA:66,1,1,1
BRDA:132,2,0,1
BRDA:132,2,1,0
BRDA:150,3,0,0
BRDA:150,3,1,1
BRDA:168,4,0,0
BRDA:168,4,1,0
BRDA:169,5,0,0
BRDA:169,5,1,0
BRDA:179,6,0,0
[...]
BRDA:318,8,3,0
BRDA:318,8,4,0
BRDA:318,8,5,0
BRDA:318,8,6,0
BRDA:323,9,0,0
BRDA:323,9,1,0
BRDA:325,10,0,0
BRDA:325,10,1,0
BRDA:326,11,0,0
BRDA:326,11,1,0
BRDA:334,12,0,0
BRDA:334,12,1,0
BRDA:341,13,0,0
BRDA:341,13,1,0
BRDA:344,14,0,0
BRDA:344,14,1,0
BRDA:345,15,0,0
BRDA:345,15,1,0
BRDA:350,16,0,0
BRDA:350,16,1,0
BRDA:351,17,0,0
BRDA:351,17,1,0
BRDA:356,18,0,0
BRDA:356,18,1,0
BRDA:357,19,0,0
BRDA:357,19,1,0
BRDA:358,20,0,0
BRDA:358,20,1,0
BRDA:359,21,0,0
BRDA:359,21,1,0
BRDA:382,22,0,12
BRDA:382,22,1,4
BRDA:385,23,0,4
BRDA:385,23,1,0
BRDA:385,23,2,0
BRDA:385,23,3,0
BRDA:385,23,4,0
BRDA:385,23,5,0
BRDA:385,23,6,0
BRDA:723,24,0,4
BRDA:723,24,1,0
BRDA:726,25,0,0
BRDA:726,25,1,0
BRDA:732,26,0,0
BRDA:732,26,1,0
BRDA:763,27,0,16
BRDA:763,27,1,0
BRDA:775,28,0,0
BRDA:775,28,1,4
BRDA:793,29,0,0
BRDA:793,29,1,4
BRDA:804,30,0,0
BRDA:804,30,1,0
BRDA:804,30,2,0
BRDA:804,30,3,0
BRDA:804,30,4,7
BRDA:826,31,0,0
BRDA:826,31,1,0
BRDA:827,32,0,0
BRDA:827,32,1,0
BRDA:828,33,0,0
BRDA:828,33,1,0
BRDA:829,34,0,0
BRDA:829,34,1,0
BRDA:865,35,0,7
BRDA:865,35,1,7
BRDA:877,36,0,7
BRDA:877,36,1,0
BRDA:902,37,0,7
BRDA:902,37,1,0
BRDA:905,38,0,0
BRDA:905,38,1,0
BRDA:905,38,2,0
BRDA:916,39,0,7
BRDA:916,39,1,0
BRDA:919,40,0,0
BRDA:919,40,1,0
BRDA:922,41,0,7
BRDA:922,41,1,0
BRDA:929,42,0,7
BRDA:929,42,1,0
BRDA:932,43,0,0
BRDA:932,43,1,0
BRDA:947,44,0,0
BRDA:947,44,1,7
BRDA:956,45,0,0
BRDA:956,45,1,7
BRDA:958,46,0,7
BRDA:958,46,1,0
BRDA:967,47,0,0
BRDA:967,47,1,0
BRDA:1006,48,0,14
BRDA:1006,48,1,0
BRDA:1048,49,0,0
BRDA:1048,49,1,0
BRDA:1098,50,0,7
BRDA:1098,50,1,0
BRDA:1099,51,0,7
BRDA:1099,51,1,7
BRDA:1103,52,0,0
BRDA:1103,52,1,0
BRDA:1217,53,0,1
BRDA:1217,53,1,13
BRDA:1222,54,0,1
BRDA:1222,54,1,12
BRDA:1228,55,0,5
BRDA:1228,55,1,7
BRDA:1228,56,0,12
BRDA:1228,56,1,12
BRF:126
BRH:40
end_of_record
TN:
SF:src/pages/RepositoryStatsDetail.tsx
FN:18,LoadingCard
FN:28,RepositoryStatsDetail
FN:146,(anonymous_2)
FN:160,(anonymous_3)
FN:162,(anonymous_4)
FN:282,(anonymous_5)
FN:294,(anonymous_6)
FN:325,(anonymous_7)
FNF:8
FNH:2
FNDA:4,LoadingCard
FNDA:3,RepositoryStatsDetail
FNDA:0,(anonymous_2)
FNDA:0,(anonymous_3)
FNDA:0,(anonymous_4)
FNDA:0,(anonymous_5)
FNDA:0,(anonymous_6)
FNDA:0,(anonymous_7)
DA:19,4
DA:29,3
DA:30,3
DA:31,3
DA:33,3
DA:36,3
DA:38,3
DA:41,3
DA:42,3
DA:43,3
DA:44,3
DA:46,3
DA:146,0
DA:161,0
DA:162,0
DA:165,0
DA:167,0
DA:168,0
DA:282,0
DA:295,0
DA:326,0
LF:21
LH:12
BRDA:34,0,0,3
BRDA:34,0,1,0
BRDA:37,1,0,3
BRDA:37,1,1,0
BRDA:39,2,0,3
BRDA:39,2,1,0
BRDA:43,3,0,3
BRDA:43,3,1,3
BRDA:44,4,0,3
BRDA:44,4,1,3
BRDA:70,5,0,3
BRDA:70,5,1,1
BRDA:79,6,0,1
BRDA:79,6,1,2
BRDA:86,7,0,0
BRDA:86,7,1,2
BRDA:155,8,0,0
BRDA:155,8,1,3
BRDA:157,9,0,0
BRDA:157,9,1,3
BRDA:165,10,0,0
BRDA:165,10,1,0
BRDA:167,11,0,0
BRDA:167,11,1,0
BRDA:216,12,0,0
BRDA:216,12,1,3
BRDA:225,13,0,0
BRDA:225,13,1,0
BRDA:235,14,0,0
BRDA:235,14,1,0
BRDA:291,15,0,0
BRDA:291,15,1,3
BRDA:299,16,0,0
BRDA:299,16,1,3
BRF:34
BRH:17
end_of_record
TN:
SF:src/pages/Restore.tsx
FN:17,LoadingRow
FN:45,getRestoreStatusColor
FN:78,CommentIndicator
FN:118,SnapshotRow
FN:133,(anonymous_4)
FN:166,(anonymous_5)
FN:182,RestoreRow
FN:212,(anonymous_7)
FN:228,RestoreDetailsModal
FN:290,(anonymous_9)
FN:355,FileTreeItem
FN:371,(anonymous_11)
FN:418,RestoreModal
FN:432,(anonymous_13)
FN:442,(anonymous_14)
FN:486,(anonymous_15)
FN:503,(anonymous_16)
FN:514,(anonymous_17)
FN:525,(anonymous_18)
FN:542,(anonymous_19)
FN:619,Restore
FN:655,(anonymous_21)
FN:656,(anonymous_22)
FN:658,(anonymous_23)
FN:670,(anonymous_24)
FN:678,(anonymous_25)
FN:688,(anonymous_26)
FN:733,(anonymous_27)
FN:744,(anonymous_28)
FN:762,(anonymous_29)
FN:766,(anonymous_30)
FN:775,(anonymous_31)
FN:779,(anonymous_32)
FN:889,(anonymous_33)
FN:987,(anonymous_34)
FN:1029,(anonymous_35)
FN:1039,(anonymous_36)
FNF:37
FNH:10
FNDA:3,LoadingRow
FNDA:0,getRestoreStatusColor
FNDA:2,CommentIndicator
FNDA:2,SnapshotRow
FNDA:0,(anonymous_4)
FNDA:0,(anonymous_5)
FNDA:0,RestoreRow
FNDA:0,(anonymous_7)
FNDA:0,RestoreDetailsModal
FNDA:0,(anonymous_9)
FNDA:0,FileTreeItem
FNDA:0,(anonymous_11)
FNDA:0,RestoreModal
FNDA:0,(anonymous_13)
FNDA:0,(anonymous_14)
FNDA:0,(anonymous_15)
FNDA:0,(anonymous_16)
FNDA:0,(anonymous_17)
FNDA:0,(anonymous_18)
FNDA:0,(anonymous_19)
FNDA:14,Restore
FNDA:14,(anonymous_21)
FNDA:14,(anonymous_22)
FNDA:0,(anonymous_23)
FNDA:0,(anonymous_24)
FNDA:0,(anonymous_25)
FNDA:0,(anonymous_26)
FNDA:0,(anonymous_27)
FNDA:1,(anonymous_28)
FNDA:0,(anonymous_29)
FNDA:14,(anonymous_30)
FNDA:0,(anonymous_31)
FNDA:13,(anonymous_32)
FNDA:2,(anonymous_33)
FNDA:0,(anonymous_34)
FNDA:0,(anonymous_35)
FNDA:0,(anonymous_36)
DA:18,3
DA:50,0
DA:52,0
DA:58,0
DA:64,0
DA:70,0
DA:72,0
DA:74,0
DA:79,2
DA:80,2
DA:82,2
DA:84,0
DA:127,2
DA:133,0
DA:166,0
DA:183,0
DA:185,0
DA:212,0
DA:233,0
DA:235,0
DA:291,0
DA:361,0
DA:363,0
DA:371,0
DA:426,0
DA:427,0
DA:428,0
DA:430,0
DA:432,0
DA:433,0
DA:434,0
DA:435,0
DA:437,0
DA:439,0
DA:442,0
DA:443,0
DA:444,0
DA:445,0
DA:446,0
DA:449,0
DA:487,0
DA:503,0
DA:514,0
DA:525,0
DA:543,0
DA:620,14
DA:621,14
DA:624,14
DA:625,14
DA:626,14
DA:629,14
DA:632,14
DA:636,14
DA:637,14
DA:642,14
DA:650,14
DA:653,14
DA:655,14
DA:656,14
DA:658,14
DA:659,0
DA:661,0
DA:671,0
DA:672,0
DA:678,14
DA:679,0
DA:680,0
DA:681,0
DA:682,0
DA:683,0
DA:685,0
DA:688,14
DA:689,0
DA:690,0
DA:691,0
DA:696,14
DA:733,0
DA:744,1
DA:762,0
DA:767,14
DA:775,0
DA:780,13
DA:890,2
DA:988,0
DA:1029,0
DA:1039,0
LF:86
LH:27
BRDA:50,0,0,0
BRDA:50,0,1,0
BRDA:50,0,2,0
BRDA:50,0,3,0
BRDA:50,0,4,0
BRDA:50,0,5,0
BRDA:80,1,0,2
BRDA:80,1,1,0
BRDA:82,2,0,2
BRDA:82,2,1,0
BRDA:87,3,0,0
BRDA:87,3,1,0
BRDA:134,4,0,2
BRDA:134,4,1,2
BRDA:137,5,0,0
BRDA:137,5,1,2
BRDA:137,6,0,2
BRDA:137,6,1,2
BRDA:152,7,0,2
BRDA:152,7,1,0
BRDA:155,8,0,2
BRDA:155,8,1,0
BRDA:193,9,0,0
BRDA:193,9,1,0
BRDA:263,10,0,0
BRDA:263,10,1,0
BRDA:284,11,0,0
BRDA:284,11,1,0
BRDA:284,11,2,0
BRDA:299,12,0,0
BRDA:299,12,1,0
BRDA:309,13,0,0
BRDA:309,13,1,0
BRDA:322,14,0,0
BRDA:322,14,1,0
BRDA:375,15,0,0
BRDA:375,15,1,0
BRDA:403,16,0,0
BRDA:403,16,1,0
BRDA:434,17,0,0
BRDA:434,17,1,0
BRDA:444,18,0,0
BRDA:444,18,1,0
BRDA:471,19,0,0
BRDA:471,19,1,0
BRDA:477,20,0,0
BRDA:477,20,1,0
BRDA:521,21,0,0
BRDA:521,21,1,0
BRDA:541,22,0,0
BRDA:541,22,1,0
BRDA:541,23,0,0
BRDA:541,23,1,0
BRDA:553,24,0,0
BRDA:553,24,1,0
BRDA:558,25,0,0
BRDA:558,25,1,0
BRDA:581,26,0,0
BRDA:581,26,1,0
BRDA:581,26,2,0
BRDA:584,27,0,0
BRDA:584,27,1,0
BRDA:643,28,0,0
BRDA:643,28,1,14
BRDA:644,29,0,0
BRDA:644,29,1,14
BRDA:651,30,0,0
BRDA:651,30,1,14
BRDA:659,31,0,0
BRDA:659,31,1,0
BRDA:667,32,0,0
BRDA:667,32,1,0
BRDA:680,33,0,0
BRDA:680,33,1,0
BRDA:682,34,0,0
BRDA:682,34,1,0
BRDA:689,35,0,0
BRDA:689,35,1,0
BRDA:735,36,0,13
BRDA:735,36,1,1
BRDA:746,37,0,1
BRDA:746,37,1,13
BRDA:772,38,0,14
BRDA:772,38,1,13
BRDA:787,39,0,14
BRDA:787,39,1,13
BRDA:789,40,0,13
BRDA:789,40,1,0
BRDA:822,41,0,13
BRDA:822,41,1,1
BRDA:823,42,0,1
BRDA:823,42,1,12
BRDA:828,43,0,1
BRDA:828,43,1,11
BRDA:861,44,0,2
BRDA:861,44,1,9
BRDA:861,45,0,11
BRDA:861,45,1,11
BRDA:927,46,0,0
BRDA:927,46,1,1
BRDA:932,47,0,0
BRDA:932,47,1,1
BRDA:962,48,0,0
BRDA:962,48,1,1
BRDA:962,49,0,1
BRDA:962,49,1,1
BRDA:1024,50,0,14
BRDA:1024,50,1,0
BRDA:1035,51,0,14
BRDA:1035,51,1,0
BRF:110
BRH:38
end_of_record
TN:
SF:src/pages/Schedules.tsx
FN:22,LoadingRow
FN:49,CreateScheduleModal
FN:86,(anonymous_2)
FN:90,(anonymous_3)
FN:123,(anonymous_4)
FN:124,(anonymous_5)
FN:125,(anonymous_6)
FN:129,(anonymous_7)
FN:150,(anonymous_8)
FN:209,(anonymous_9)
FN:210,(anonymous_10)
FN:212,(anonymous_11)
FN:216,(anonymous_12)
FN:217,(anonymous_13)
FN:217,(anonymous_14)
FN:241,(anonymous_15)
FN:257,(anonymous_16)
FN:262,(anonymous_17)
FN:287,(anonymous_18)
FN:291,(anonymous_19)
FN:313,(anonymous_20)
FN:332,(anonymous_21)
FN:348,(anonymous_22)
FN:371,(anonymous_23)
FN:379,(anonymous_24)
FN:421,(anonymous_25)
FN:446,(anonymous_26)
FN:464,(anonymous_27)
FN:482,(anonymous_28)
FN:500,(anonymous_29)
FN:518,(anonymous_30)
FN:536,(anonymous_31)
FN:569,(anonymous_32)
FN:588,(anonymous_33)
FN:598,(anonymous_34)
FN:614,(anonymous_35)
FN:619,(anonymous_36)
FN:645,(anonymous_37)
FN:683,(anonymous_38)
FN:725,(anonymous_39)
FN:733,formatBandwidth
FN:741,formatBackupWindow
FN:764,ScheduleRow
FN:915,(anonymous_43)
FN:935,(anonymous_44)
FN:944,(anonymous_45)
FN:952,(anonymous_46)
FN:964,Schedules
FN:982,(anonymous_48)
FN:983,(anonymous_49)
FN:984,(anonymous_50)
FN:986,(anonymous_51)
FN:997,(anonymous_52)
FN:1001,(anonymous_53)
FN:1007,(anonymous_54)
FN:1024,(anonymous_55)
FN:1052,(anonymous_56)
FN:1057,(anonymous_57)
FN:1123,(anonymous_58)
FN:1125,(anonymous_59)
FN:1126,(anonymous_60)
FN:1201,(anonymous_61)
FN:1207,(anonymous_62)
FNF:63
FNH:11
FNDA:3,LoadingRow
FNDA:15,CreateScheduleModal
FNDA:0,(anonymous_2)
FNDA:0,(anonymous_3)
FNDA:0,(anonymous_4)
FNDA:0,(anonymous_5)
FNDA:0,(anonymous_6)
FNDA:0,(anonymous_7)
FNDA:0,(anonymous_8)
FNDA:0,(anonymous_9)
FNDA:0,(anonymous_10)
FNDA:0,(anonymous_11)
FNDA:0,(anonymous_12)
FNDA:0,(anonymous_13)
FNDA:0,(anonymous_14)
FNDA:0,(anonymous_15)
FNDA:0,(anonymous_16)
FNDA:1,(anonymous_17)
FNDA:0,(anonymous_18)
FNDA:0,(anonymous_19)
FNDA:0,(anonymous_20)
FNDA:0,(anonymous_21)
FNDA:0,(anonymous_22)
FNDA:0,(anonymous_23)
FNDA:0,(anonymous_24)
FNDA:0,(anonymous_25)
FNDA:0,(anonymous_26)
FNDA:0,(anonymous_27)
FNDA:0,(anonymous_28)
FNDA:0,(anonymous_29)
FNDA:0,(anonymous_30)
FNDA:0,(anonymous_31)
FNDA:0,(anonymous_32)
FNDA:0,(anonymous_33)
FNDA:0,(anonymous_34)
FNDA:0,(anonymous_35)
FNDA:0,(anonymous_36)
FNDA:0,(anonymous_37)
FNDA:0,(anonymous_38)
FNDA:0,(anonymous_39)
FNDA:0,formatBandwidth
FNDA:0,formatBackupWindow
FNDA:5,ScheduleRow
FNDA:0,(anonymous_43)
FNDA:0,(anonymous_44)
FNDA:0,(anonymous_45)
FNDA:0,(anonymous_46)
FNDA:15,Schedules
FNDA:15,(anonymous_48)
FNDA:15,(anonymous_49)
FNDA:0,(anonymous_50)
FNDA:5,(anonymous_51)
FNDA:0,(anonymous_52)
FNDA:0,(anonymous_53)
FNDA:0,(anonymous_54)
FNDA:1,(anonymous_55)
FNDA:0,(anonymous_56)
FNDA:0,(anonymous_57)
FNDA:5,(anonymous_58)
FNDA:0,(anonymous_59)
FNDA:3,(anonymous_60)
FNDA:0,(anonymous_61)
FNDA:0,(anonymous_62)
DA:23,3
DA:50,15
DA:51,15
DA:52,15
DA:55,15
DA:56,15
DA:58,15
DA:60,15
DA:61,15
DA:62,15
DA:63,15
DA:64,15
DA:65,15
DA:67,15
DA:68,15
DA:69,15
DA:70,15
DA:71,15
DA:74,15
DA:76,15
DA:78,15
DA:79,15
DA:81,15
DA:82,15
DA:83,15
DA:84,15
DA:86,15
DA:87,0
DA:88,0
DA:90,0
DA:91,0
DA:94,0
DA:95,0
DA:97,0
DA:98,0
DA:100,0
DA:101,0
DA:102,0
DA:103,0
DA:104,0
DA:105,0
DA:106,0
DA:108,0
DA:109,0
DA:110,0
DA:112,0
DA:113,0
DA:114,0
DA:115,0
DA:117,0
DA:118,0
DA:119,0
DA:123,15
DA:124,0
DA:125,0
DA:129,15
DA:130,0
DA:131,0
DA:132,0
DA:134,0
DA:135,0
DA:145,0
DA:150,0
DA:156,0
DA:157,0
DA:160,0
DA:161,0
DA:167,0
DA:168,0
DA:171,0
DA:172,0
DA:174,0
DA:175,0
DA:178,0
DA:179,0
DA:180,0
DA:181,0
DA:182,0
DA:183,0
DA:184,0
DA:185,0
DA:187,0
DA:188,0
DA:189,0
DA:190,0
DA:191,0
DA:192,0
DA:194,0
DA:195,0
DA:196,0
DA:197,0
DA:198,0
DA:199,0
DA:200,0
DA:202,0
DA:203,0
DA:209,15
DA:210,0
DA:212,0
DA:216,15
DA:217,0
DA:220,15
DA:222,1
DA:241,0
DA:257,0
DA:263,1
DA:287,0
DA:292,0
DA:313,0
DA:332,0
DA:348,0
DA:372,0
DA:379,0
DA:421,0
DA:447,0
DA:465,0
DA:483,0
DA:501,0
DA:519,0
DA:536,0
DA:569,0
DA:588,0
DA:598,0
DA:615,0
DA:619,0
DA:646,0
DA:684,0
DA:725,0
DA:734,0
DA:735,0
DA:736,0
DA:738,0
DA:744,0
DA:745,0
DA:746,0
DA:747,0
DA:778,5
DA:783,5
DA:785,5
DA:915,0
DA:935,0
DA:944,0
DA:952,0
DA:965,15
DA:966,15
DA:969,15
DA:970,15
DA:974,15
DA:975,15
DA:976,15
DA:977,15
DA:978,15
DA:979,15
DA:980,15
DA:982,15
DA:983,15
DA:984,15
DA:986,15
DA:987,5
DA:991,5
DA:994,5
DA:997,15
DA:998,0
DA:1001,15
DA:1002,0
DA:1003,0
DA:1007,15
DA:1008,0
DA:1011,15
DA:1024,1
DA:1052,0
DA:1058,0
DA:1124,5
DA:1125,0
DA:1126,3
DA:1127,5
DA:1201,0
DA:1207,0
LF:178
LH:63
BRDA:88,0,0,0
BRDA:88,0,1,0
BRDA:91,1,0,0
BRDA:91,1,1,0
BRDA:94,2,0,0
BRDA:94,2,1,0
BRDA:94,3,0,0
BRDA:94,3,1,0
BRDA:97,4,0,0
BRDA:97,4,1,0
BRDA:100,5,0,0
BRDA:100,5,1,0
BRDA:102,6,0,0
BRDA:102,6,1,0
BRDA:103,7,0,0
BRDA:103,7,1,0
BRDA:104,8,0,0
BRDA:104,8,1,0
BRDA:105,9,0,0
BRDA:105,9,1,0
BRDA:106,10,0,0
BRDA:106,10,1,0
BRDA:108,11,0,0
BRDA:108,11,1,0
BRDA:112,12,0,0
BRDA:112,12,1,0
BRDA:113,13,0,0
BRDA:113,13,1,0
BRDA:114,14,0,0
BRDA:114,14,1,0
BRDA:117,15,0,0
BRDA:117,15,1,0
BRDA:117,16,0,0
BRDA:117,16,1,0
BRDA:125,17,0,0
BRDA:125,17,1,0
BRDA:131,18,0,0
BRDA:131,18,1,0
BRDA:135,19,0,0
BRDA:135,19,1,0
BRDA:137,20,0,0
BRDA:137,20,1,0
BRDA:138,21,0,0
BRDA:138,21,1,0
BRDA:139,22,0,0
BRDA:139,22,1,0
BRDA:140,23,0,0
BRDA:140,23,1,0
BRDA:141,24,0,0
BRDA:141,24,1,0
BRDA:151,25,0,0
BRDA:151,25,1,0
BRDA:156,26,0,0
BRDA:156,26,1,0
BRDA:156,27,0,0
BRDA:156,27,1,0
BRDA:160,28,0,0
BRDA:160,28,1,0
BRDA:160,29,0,0
BRDA:160,29,1,0
BRDA:162,30,0,0
BRDA:162,30,1,0
BRDA:163,31,0,0
BRDA:163,31,1,0
BRDA:167,32,0,0
BRDA:167,32,1,0
BRDA:171,33,0,0
BRDA:171,33,1,0
BRDA:174,34,0,0
BRDA:174,34,1,0
BRDA:220,35,0,14
BRDA:220,35,1,1
BRDA:271,36,0,15
BRDA:271,36,1,0
BRDA:276,37,0,15
BRDA:276,37,1,1
BRDA:276,37,2,0
BRDA:368,38,0,0
BRDA:368,38,1,1
BRDA:401,39,0,0
BRDA:401,39,1,0
BRDA:424,40,0,0
BRDA:424,40,1,1
BRDA:427,41,0,1
BRDA:427,41,1,0
BRDA:447,42,0,0
BRDA:447,42,1,0
BRDA:465,43,0,0
BRDA:465,43,1,0
BRDA:483,44,0,0
BRDA:483,44,1,0
BRDA:501,45,0,0
BRDA:501,45,1,0
BRDA:519,46,0,0
BRDA:519,46,1,0
BRDA:540,47,0,0
BRDA:540,47,1,1
BRDA:556,48,0,15
BRDA:556,48,1,0
BRDA:621,49,0,0
BRDA:621,49,1,0
BRDA:700,50,0,15
BRDA:700,50,1,0
BRDA:718,51,0,0
BRDA:718,51,1,1
BRDA:734,52,0,0
BRDA:734,52,1,0
BRDA:735,53,0,0
BRDA:735,53,1,0
BRDA:744,54,0,0
BRDA:744,54,1,0
BRDA:744,55,0,0
BRDA:744,55,1,0
BRDA:744,55,2,0
BRDA:745,56,0,0
BRDA:745,56,1,0
BRDA:746,57,0,0
BRDA:746,57,1,0
BRDA:778,58,0,5
BRDA:778,58,1,5
BRDA:778,58,2,5
BRDA:778,58,3,0
BRDA:778,58,4,5
BRDA:783,59,0,5
BRDA:783,59,1,5
BRDA:792,60,0,5
BRDA:792,60,1,0
BRDA:793,61,0,3
BRDA:793,61,1,2
BRDA:795,62,0,5
BRDA:795,62,1,0
BRDA:797,63,0,0
BRDA:797,63,1,0
BRDA:818,64,0,5
BRDA:818,64,1,0
BRDA:820,65,0,0
BRDA:820,65,1,0
BRDA:839,66,0,0
BRDA:839,66,1,0
BRDA:858,67,0,0
BRDA:858,67,1,0
BRDA:858,67,2,0
BRDA:875,68,0,0
BRDA:875,68,1,0
BRDA:878,69,0,0
BRDA:878,69,1,0
BRDA:894,70,0,0
BRDA:894,70,1,0
BRDA:896,71,0,0
BRDA:896,71,1,0
BRDA:910,72,0,0
BRDA:910,72,1,5
BRDA:918,73,0,4
BRDA:918,73,1,1
BRDA:925,74,0,4
BRDA:925,74,1,1
BRDA:928,75,0,4
BRDA:928,75,1,1
BRDA:939,76,0,0
BRDA:939,76,1,5
BRDA:991,77,0,5
BRDA:991,77,1,0
BRDA:991,77,2,0
BRDA:991,77,3,0
BRDA:991,77,4,0
BRDA:994,78,0,5
BRDA:994,78,1,5
BRDA:1002,79,0,0
BRDA:1002,79,1,0
BRDA:1069,80,0,1
BRDA:1069,80,1,14
BRDA:1074,81,0,1
BRDA:1074,81,1,13
BRDA:1101,82,0,4
BRDA:1101,82,1,9
BRDA:1101,83,0,13
BRDA:1101,83,1,13
BRDA:1124,84,0,5
BRDA:1124,84,1,0
BRDA:1126,85,0,3
BRDA:1126,85,1,0
BRDA:1134,86,0,0
BRDA:1134,86,1,5
BRDA:1204,87,0,15
BRDA:1204,87,1,0
BRF:185
BRH:46
end_of_record
TN:
SF:src/pages/SnapshotCompare.tsx
FN:13,getChangeTypeColor
FN:42,ChangeIcon
FN:109,SnapshotSelector
FN:119,(anonymous_3)
FN:133,(anonymous_4)
FN:137,(anonymous_5)
FN:152,DiffEntryRow
FN:227,SnapshotCompare
FN:249,(anonymous_8)
FN:251,(anonymous_9)
FN:261,(anonymous_10)
FN:273,(anonymous_11)
FN:296,(anonymous_12)
FN:300,(anonymous_13)
FN:308,(anonymous_14)
FN:312,(anonymous_15)
FN:513,(anonymous_16)
FN:545,(anonymous_17)
FNF:18
FNH:4
FNDA:0,getChangeTypeColor
FNDA:0,ChangeIcon
FNDA:0,SnapshotSelector
FNDA:0,(anonymous_3)
FNDA:0,(anonymous_4)
FNDA:0,(anonymous_5)
FNDA:0,DiffEntryRow
FNDA:3,SnapshotCompare
FNDA:3,(anonymous_8)
FNDA:0,(anonymous_9)
FNDA:0,(anonymous_10)
FNDA:0,(anonymous_11)
FNDA:0,(anonymous_12)
FNDA:3,(anonymous_13)
FNDA:0,(anonymous_14)
FNDA:3,(anonymous_15)
FNDA:0,(anonymous_16)
FNDA:0,(anonymous_17)
DA:18,0
DA:20,0
DA:26,0
DA:28,0
DA:34,0
DA:43,0
DA:45,0
DA:46,0
DA:63,0
DA:64,0
DA:81,0
DA:118,0
DA:119,0
DA:122,0
DA:133,0
DA:138,0
DA:153,0
DA:155,0
DA:228,3
DA:229,3
DA:230,3
DA:231,3
DA:233,3
DA:234,3
DA:236,3
DA:237,3
DA:238,3
DA:247,3
DA:249,3
DA:251,3
DA:252,0
DA:253,0
DA:254,0
DA:256,0
DA:258,0
DA:261,3
DA:262,0
DA:263,0
DA:264,0
DA:266,0
DA:268,0
DA:272,3
DA:274,0
DA:277,3
DA:279,3
DA:296,0
DA:301,3
DA:308,0
DA:313,3
DA:513,0
DA:546,0
LF:51
LH:18
BRDA:18,0,0,0
BRDA:18,0,1,0
BRDA:18,0,2,0
BRDA:18,0,3,0
BRDA:45,1,0,0
BRDA:45,1,1,0
BRDA:63,2,0,0
BRDA:63,2,1,0
BRDA:118,3,0,0
BRDA:118,3,1,0
BRDA:139,4,0,0
BRDA:139,4,1,0
BRDA:169,5,0,0
BRDA:169,5,1,0
BRDA:200,6,0,0
BRDA:200,6,1,0
BRDA:200,7,0,0
BRDA:200,7,1,0
BRDA:205,8,0,0
BRDA:205,8,1,0
BRDA:205,9,0,0
BRDA:205,9,1,0
BRDA:210,10,0,0
BRDA:210,10,1,0
BRDA:210,11,0,0
BRDA:210,11,1,0
BRDA:213,12,0,0
BRDA:213,12,1,0
BRDA:216,13,0,0
BRDA:216,13,1,0
BRDA:233,14,0,3
BRDA:233,14,1,3
BRDA:234,15,0,3
BRDA:234,15,1,3
BRDA:239,16,0,0
BRDA:239,16,1,3
BRDA:240,17,0,0
BRDA:240,17,1,3
BRDA:253,18,0,0
BRDA:253,18,1,0
BRDA:263,19,0,0
BRDA:263,19,1,0
BRDA:272,20,0,3
BRDA:272,20,1,3
BRDA:274,21,0,0
BRDA:274,21,1,0
BRDA:277,22,0,3
BRDA:277,22,1,0
BRDA:277,22,2,0
BRDA:320,23,0,0
BRDA:320,23,1,3
BRDA:324,24,0,0
BRDA:324,24,1,3
BRDA:324,25,0,3
BRDA:324,25,1,3
BRDA:353,26,0,3
BRDA:353,26,1,0
BRDA:353,26,2,0
BRDA:379,27,0,3
BRDA:379,27,1,0
BRDA:379,27,2,0
BRDA:379,27,3,0
BRDA:404,28,0,3
BRDA:404,28,1,0
BRDA:404,28,2,0
BRDA:404,28,3,0
BRDA:404,28,4,0
BRDA:407,29,0,0
BRDA:407,29,1,0
BRDA:418,30,0,0
BRDA:418,30,1,0
BRDA:432,31,0,0
BRDA:432,31,1,0
BRDA:443,32,0,0
BRDA:443,32,1,0
BRDA:522,33,0,0
BRDA:522,33,1,0
BRDA:571,34,0,0
BRDA:571,34,1,0
BRDA:576,35,0,0
BRDA:576,35,1,0
BRDA:586,36,0,3
BRDA:586,36,1,3
BRDA:586,36,2,0
BRDA:586,36,3,0
BRF:85
BRH:18
end_of_record
TN:
SF:src/pages/StorageStats.tsx
FN:18,LoadingCard
FN:28,LoadingTable
FN:31,(anonymous_2)
FN:46,StorageStats
FN:144,(anonymous_4)
FN:158,(anonymous_5)
FN:159,(anonymous_6)
FN:268,(anonymous_7)
FNF:8
FNH:7
FNDA:4,LoadingCard
FNDA:1,LoadingTable
FNDA:3,(anonymous_2)
FNDA:6,StorageStats
FNDA:0,(anonymous_4)
FNDA:2,(anonymous_5)
FNDA:4,(anonymous_6)
FNDA:1,(anonymous_7)
DA:19,4
DA:29,1
DA:32,3
DA:47,6
DA:48,6
DA:49,6
DA:51,6
DA:54,6
DA:144,0
DA:159,4
DA:161,2
DA:163,2
DA:164,2
DA:269,1
LF:14
LH:13
BRDA:66,0,0,1
BRDA:66,0,1,5
BRDA:73,1,0,1
BRDA:73,1,1,4
BRDA:93,2,0,1
BRDA:93,2,1,0
BRDA:99,3,0,1
BRDA:99,3,1,0
BRDA:153,4,0,1
BRDA:153,4,1,5
BRDA:155,5,0,1
BRDA:155,5,1,4
BRDA:155,6,0,5
BRDA:155,6,1,4
BRDA:161,7,0,2
BRDA:161,7,1,0
BRDA:163,8,0,2
BRDA:163,8,1,0
BRDA:235,9,0,1
BRDA:235,9,1,5
BRDA:239,10,0,1
BRDA:239,10,1,4
BRDA:239,11,0,5
BRDA:239,11,1,4
BRF:24
BRH:20
end_of_record
TN:
SF:src/pages/Tags.tsx
FN:24,LoadingRow
FN:51,CreateTagModal
FN:56,(anonymous_2)
FN:88,(anonymous_3)
FN:100,(anonymous_4)
FN:104,(anonymous_5)
FN:147,EditTagModal
FN:152,(anonymous_7)
FN:178,(anonymous_8)
FN:189,(anonymous_9)
FN:193,(anonymous_10)
FN:236,DeleteTagModal
FN:239,(anonymous_12)
FN:295,TagRow
FN:317,(anonymous_14)
FN:324,(anonymous_15)
FN:335,Tags
FN:353,(anonymous_17)
FN:424,(anonymous_18)
FN:461,(anonymous_19)
FN:465,(anonymous_20)
FN:471,(anonymous_21)
FNF:22
FNH:12
FNDA:3,LoadingRow
FNDA:13,CreateTagModal
FNDA:0,(anonymous_2)
FNDA:0,(anonymous_3)
FNDA:10,(anonymous_4)
FNDA:0,(anonymous_5)
FNDA:1,EditTagModal
FNDA:0,(anonymous_7)
FNDA:0,(anonymous_8)
FNDA:10,(anonymous_9)
FNDA:0,(anonymous_10)
FNDA:1,DeleteTagModal
FNDA:0,(anonymous_12)
FNDA:7,TagRow
FNDA:1,(anonymous_14)
FNDA:1,(anonymous_15)
FNDA:13,Tags
FNDA:1,(anonymous_17)
FNDA:7,(anonymous_18)
FNDA:0,(anonymous_19)
FNDA:0,(anonymous_20)
FNDA:0,(anonymous_21)
DA:11,1
DA:25,3
DA:52,13
DA:53,13
DA:54,13
DA:56,13
DA:57,0
DA:58,0
DA:59,0
DA:60,0
DA:61,0
DA:62,0
DA:68,13
DA:70,1
DA:88,0
DA:101,10
DA:104,0
DA:148,1
DA:149,1
DA:150,1
DA:152,1
DA:153,0
DA:154,0
DA:155,0
DA:156,0
DA:162,1
DA:178,0
DA:190,10
DA:193,0
DA:237,1
DA:239,1
DA:240,0
DA:241,0
DA:242,0
DA:248,1
DA:296,7
DA:317,1
DA:324,1
DA:336,13
DA:337,13
DA:338,13
DA:340,13
DA:342,13
DA:353,1
DA:425,7
DA:461,0
DA:465,0
DA:471,0
LF:48
LH:28
BRDA:68,0,0,12
BRDA:68,0,1,1
BRDA:106,1,0,1
BRDA:106,1,1,9
BRDA:115,2,0,1
BRDA:115,2,1,0
BRDA:133,3,0,0
BRDA:133,3,1,1
BRDA:195,4,0,1
BRDA:195,4,1,9
BRDA:204,5,0,1
BRDA:204,5,1,0
BRDA:222,6,0,0
BRDA:222,6,1,1
BRDA:262,7,0,1
BRDA:262,7,1,0
BRDA:281,8,0,0
BRDA:281,8,1,1
BRDA:376,9,0,1
BRDA:376,9,1,12
BRDA:381,10,0,1
BRDA:381,10,1,11
BRDA:405,11,0,6
BRDA:405,11,1,5
BRDA:405,12,0,11
BRDA:405,12,1,11
BRDA:464,13,0,13
BRDA:464,13,1,1
BRDA:468,14,0,13
BRDA:468,14,1,1
BRF:30
BRH:24
end_of_record
